Log file open, 04/08/17 20:16:14
LogInit:Display: Running engine for game: CIVGAME
LogPlatformFile: Not using cached read wrapper
LogInit:Display: RandInit(-160348263) SRandInit(-160348263).
LogTaskGraph: Started task graph with 5 named threads and 8 total threads with 1 sets of task threads.
LogStats: Stats thread started at 0.081129
LogInit: Using libcurl 7.47.1
LogInit:  - built for x86_64-pc-win32
LogInit:  - supports SSL with OpenSSL/1.0.2g
LogInit:  - supports HTTP deflate (compression) using libz 1.2.8
LogInit:  - other features:
LogInit:      CURL_VERSION_SSL
LogInit:      CURL_VERSION_LIBZ
LogInit:      CURL_VERSION_IPV6
LogInit:      CURL_VERSION_ASYNCHDNS
LogInit:      CURL_VERSION_LARGEFILE
LogInit:      CURL_VERSION_IDN
LogInit:  CurlRequestOptions (configurable via config and command line):
LogInit:  - bVerifyPeer = false  - Libcurl will NOT verify peer certificate
LogInit:  - bUseHttpProxy = false  - Libcurl will NOT use HTTP proxy
LogInit:  - bDontReuseConnections = false  - Libcurl will reuse connections
LogInit:  - CertBundlePath = nullptr  - Libcurl will use whatever was configured at build time.
OCULUS: Info: [CAPI] LibOVR module is located at C:\Program Files\Oculus\Support\oculus-runtime\LibOVRRT64_1.dll
OCULUS: Debug: Connected to the server running version (prod = 1).1.13.0(build = 361842) feature version = 0. Client runs version (prod = 1).1.13.0(build = 361842) feature version = 0
LogHMD: GearVR: Emulating GearVR using Oculus Rift!
LogInit: Build: ++UE4+Release-4.15-CL-3348071
LogInit: Engine Version: 4.15.1-3348071+++UE4+Release-4.15
LogInit: Compatible Engine Version: 4.15.0-3299760+++UE4+Release-4.15
LogInit: Net CL: 3299760
LogDevObjectVersion: Number of dev versions registered: 14
LogDevObjectVersion:   Dev-Blueprints (B0D832E4-1F89-4F0D-ACCF-7EB736FD4AA2): 8
LogDevObjectVersion:   Dev-Build (E1C64328-A22C-4D53-A36C-8E866417BD8C): 0
LogDevObjectVersion:   Dev-Core (375EC13C-06E4-48FB-B500-84F0262A717E): 2
LogDevObjectVersion:   Dev-Editor (E4B068ED-F494-42E9-A231-DA0B2E46BB41): 14
LogDevObjectVersion:   Dev-Framework (CFFC743F-43B0-4480-9391-14DF171D2073): 22
LogDevObjectVersion:   Dev-Mobile (B02B49B5-BB20-44E9-A304-32B752E40360): 0
LogDevObjectVersion:   Dev-Networking (A4E4105C-59A1-49B5-A7C5-40C4547EDFEE): 0
LogDevObjectVersion:   Dev-Online (39C831C9-5AE6-47DC-9A44-9C173E1C8E7C): 0
LogDevObjectVersion:   Dev-Physics (78F01B33-EBEA-4F98-B9B4-84EACCB95AA2): 0
LogDevObjectVersion:   Dev-Platform (6631380F-2D4D-43E0-8009-CF276956A95A): 0
LogDevObjectVersion:   Dev-Rendering (12F88B9F-8875-4AFC-A67C-D90C383ABD29): 12
LogDevObjectVersion:   Dev-Sequencer (7B5AE74C-D270-4C10-A958-57980B212A5A): 3
LogDevObjectVersion:   Dev-VR (D7296918-1DD6-4BDD-9DE2-64A83CC13884): 0
LogDevObjectVersion:   Dev-LoadTimes (C2A15278-BFE7-4AFE-6C17-90FF531DF755): 1
LogInit: Compiled (64-bit): Mar 15 2017 16:52:47
LogInit: Compiled with Visual C++: 19.00.23026.00
LogInit: Build Configuration: Development
LogInit: Branch Name: ++UE4+Release-4.15
LogInit: Command line:  
LogInit: Base directory: C:/Program Files/Epic Games/UE_4.15/Engine/Binaries/Win64/
LogInit: Installed Engine Build: 1
LogInit: Presizing for max 8388607 objects, including 0 objects not considered by GC, pre-allocating 0 bytes for permanent pool.
LogInit: Object subsystem initialized
[2017.04.08-11.16.16:002][  0]LogInit: Selected Device Profile: [Windows]
[2017.04.08-11.16.16:002][  0]LogInit: Applying CVar settings loaded from the selected device profile: [Windows]
[2017.04.08-11.16.16:023][  0]LogInit: Computer: DESKTOP-9TH7LOT
[2017.04.08-11.16.16:023][  0]LogInit: User: huozi
[2017.04.08-11.16.16:023][  0]LogInit: CPU Page size=65536, Cores=4
[2017.04.08-11.16.16:023][  0]LogInit: High frequency timer resolution =2.648437 MHz
[2017.04.08-11.16.16:024][  0]LogMemory: Memory total: Physical=8.0GB (8GB approx)
[2017.04.08-11.16.16:024][  0]LogMemory: Platform Memory Stats for Windows
[2017.04.08-11.16.16:024][  0]LogMemory: Process Physical Memory: 271.86 MB used, 271.86 MB peak
[2017.04.08-11.16.16:024][  0]LogMemory: Process Virtual Memory: 266.22 MB used, 266.22 MB peak
[2017.04.08-11.16.16:024][  0]LogMemory: Physical Memory: 4432.89 MB used,  3710.40 MB free, 8143.29 MB total
[2017.04.08-11.16.16:024][  0]LogMemory: Virtual Memory: 707.45 MB used,  3710.40 MB free, 134217728.00 MB total
[2017.04.08-11.16.16:133][  0]LogInit: Overriding culture en with editor configuration.
[2017.04.08-11.16.16:994][  0]LogD3D11RHI: D3D11 adapters:
[2017.04.08-11.16.17:019][  0]LogD3D11RHI:    0. 'NVIDIA GeForce GTX 1050 Ti' (Feature Level 11_0)
[2017.04.08-11.16.17:019][  0]LogD3D11RHI:       4059/0/4071 MB DedicatedVideo/DedicatedSystem/SharedSystem, Outputs:1, VendorId:0x10de
[2017.04.08-11.16.17:021][  0]LogD3D11RHI:    1. 'Microsoft Basic Render Driver' (Feature Level 11_0)
[2017.04.08-11.16.17:021][  0]LogD3D11RHI:       0/0/4071 MB DedicatedVideo/DedicatedSystem/SharedSystem, Outputs:0, VendorId:0x1414
[2017.04.08-11.16.17:021][  0]LogD3D11RHI: Chosen D3D11 Adapter: 0
[2017.04.08-11.16.17:026][  0]LogD3D11RHI: Creating new Direct3DDevice
[2017.04.08-11.16.17:026][  0]LogD3D11RHI:     GPU DeviceId: 0x1c82 (for the marketing name, search the web for "GPU Device Id")
[2017.04.08-11.16.17:026][  0]LogWindows: EnumDisplayDevices:
[2017.04.08-11.16.17:026][  0]LogWindows:    0. 'NVIDIA GeForce GTX 1050 Ti' (P:1 D:1)
[2017.04.08-11.16.17:027][  0]LogWindows:    1. 'NVIDIA GeForce GTX 1050 Ti' (P:0 D:0)
[2017.04.08-11.16.17:027][  0]LogWindows:    2. 'NVIDIA GeForce GTX 1050 Ti' (P:0 D:0)
[2017.04.08-11.16.17:027][  0]LogWindows:    3. 'NVIDIA GeForce GTX 1050 Ti' (P:0 D:0)
[2017.04.08-11.16.17:027][  0]LogWindows: DebugString: FoundDriverCount:4 
[2017.04.08-11.16.17:027][  0]LogD3D11RHI:     Adapter Name: NVIDIA GeForce GTX 1050 Ti
[2017.04.08-11.16.17:028][  0]LogD3D11RHI:   Driver Version: 376.53 (internal:21.21.13.7653, unified:376.53)
[2017.04.08-11.16.17:028][  0]LogD3D11RHI:      Driver Date: 12-29-2016
[2017.04.08-11.16.17:028][  0]LogRHI: Texture pool is 1361 MB (70% of 1945 MB)
[2017.04.08-11.16.17:044][  0]LogD3D11RHI: Async texture creation enabled
[2017.04.08-11.16.17:056][  0]LogD3D11RHI: GPU Timing Frequency: 1000.000000 (Debug: 2 1)
[2017.04.08-11.16.17:106][  0]LogShaderCompilers: Guid format shader working directory is -5 characters bigger than the processId version (../../../../../../GGGGIIIIIITTTTTT/CivGame/CIVGAME/Intermediate/Shaders/WorkingDirectory/10364/).
[2017.04.08-11.16.17:107][  0]LogShaderCompilers: Cleaned the shader compiler working directory 'C:/Users/huozi/AppData/Local/Temp/UnrealShaderWorkingDir/445200F54A6EDEF1D24A8FADE6D32ED2/'.
[2017.04.08-11.16.17:107][  0]LogShaderCompilers:Display: Using Local Shader Compiler.
[2017.04.08-11.16.18:386][  0]LogTemp:Display: Loaded TP AllDesktopTargetPlatform
[2017.04.08-11.16.18:454][  0]LogTemp:Display: Loaded TP MacClientTargetPlatform
[2017.04.08-11.16.18:524][  0]LogTemp:Display: Loaded TP MacNoEditorTargetPlatform
[2017.04.08-11.16.18:593][  0]LogTemp:Display: Loaded TP MacServerTargetPlatform
[2017.04.08-11.16.18:676][  0]LogTemp:Display: Loaded TP MacTargetPlatform
[2017.04.08-11.16.18:748][  0]LogTemp:Display: Loaded TP WindowsClientTargetPlatform
[2017.04.08-11.16.18:821][  0]LogTemp:Display: Loaded TP WindowsNoEditorTargetPlatform
[2017.04.08-11.16.18:895][  0]LogTemp:Display: Loaded TP WindowsServerTargetPlatform
[2017.04.08-11.16.18:964][  0]LogTemp:Display: Loaded TP WindowsTargetPlatform
[2017.04.08-11.16.19:037][  0]LogTemp:Display: Loaded TP AndroidTargetPlatform
[2017.04.08-11.16.19:108][  0]LogTemp:Display: Loaded TP Android_ASTCTargetPlatform
[2017.04.08-11.16.19:176][  0]LogTemp:Display: Loaded TP Android_ATCTargetPlatform
[2017.04.08-11.16.19:252][  0]LogTemp:Display: Loaded TP Android_DXTTargetPlatform
[2017.04.08-11.16.19:328][  0]LogTemp:Display: Loaded TP Android_ETC1TargetPlatform
[2017.04.08-11.16.19:418][  0]LogTemp:Display: Loaded TP Android_ETC2TargetPlatform
[2017.04.08-11.16.19:550][  0]LogTemp:Display: Loaded TP Android_MultiTargetPlatform
[2017.04.08-11.16.19:550][  0]LogTemp:Display: Loaded TP Android_PVRTCTargetPlatform
[2017.04.08-11.16.19:600][  0]LogTemp:Display: Loaded TP HTML5TargetPlatform
[2017.04.08-11.16.19:782][  0]LogTemp:Display: Loaded TP IOSTargetPlatform
[2017.04.08-11.16.19:825][  0]LogTemp:Display: Loaded TP TVOSTargetPlatform
[2017.04.08-11.16.19:897][  0]LogTemp:Display: Loaded TP LinuxClientTargetPlatform
[2017.04.08-11.16.19:966][  0]LogTemp:Display: Loaded TP LinuxNoEditorTargetPlatform
[2017.04.08-11.16.20:034][  0]LogTemp:Display: Loaded TP LinuxServerTargetPlatform
[2017.04.08-11.16.20:110][  0]LogTemp:Display: Loaded TP LinuxTargetPlatform
[2017.04.08-11.16.20:110][  0]LogTargetPlatformManager:Display: Building Assets For Windows
[2017.04.08-11.16.20:802][  0]LogDerivedDataCache:Display: Max Cache Size: 512 MB
[2017.04.08-11.16.21:783][  0]LogDerivedDataCache: Loaded boot cache 0.98s 50MB C:/Users/huozi/AppData/Local/UnrealEngine/4.15/DerivedDataCache/Boot.ddc.
[2017.04.08-11.16.21:784][  0]LogDerivedDataCache:Display: Loaded Boot cache: C:/Users/huozi/AppData/Local/UnrealEngine/4.15/DerivedDataCache/Boot.ddc
[2017.04.08-11.16.21:784][  0]LogDerivedDataCache: FDerivedDataBackendGraph:  Pak pak cache file ../../../../../../GGGGIIIIIITTTTTT/CivGame/CIVGAME/DerivedDataCache/DDC.ddp not found, will not use a pak cache.
[2017.04.08-11.16.21:784][  0]LogDerivedDataCache: Unable to find inner node Pak for hierarchical cache Hierarchy.
[2017.04.08-11.16.21:784][  0]LogDerivedDataCache: FDerivedDataBackendGraph:  CompressedPak pak cache file ../../../../../../GGGGIIIIIITTTTTT/CivGame/CIVGAME/DerivedDataCache/Compressed.ddp not found, will not use a pak cache.
[2017.04.08-11.16.21:784][  0]LogDerivedDataCache: Unable to find inner node CompressedPak for hierarchical cache Hierarchy.
[2017.04.08-11.16.21:804][  0]LogDerivedDataCache:Display: Pak cache opened for reading ../../../Engine/DerivedDataCache/Compressed.ddp.
[2017.04.08-11.16.21:816][  0]LogDerivedDataCache: Using Local data cache path C:/Users/huozi/AppData/Local/UnrealEngine/Common/DerivedDataCache: Writable
[2017.04.08-11.16.21:826][  0]LogSlate: Using Freetype 2.6.0
[2017.04.08-11.16.21:855][  0]LogSlate: SlateFontCache - WITH_FREETYPE: 1, WITH_HARFBUZZ: 1
[2017.04.08-11.16.21:855][  0]LogSlate: SlateFontCache - WITH_FREETYPE: 1, WITH_HARFBUZZ: 1
[2017.04.08-11.16.22:609][  0]LogInit: Selected Device Profile: [Windows]
[2017.04.08-11.16.22:611][  0]LogContentStreaming: Texture pool size is 0.00 MB
[2017.04.08-11.16.22:856][  0]LogMeshUtilities: Using QuadricMeshReduction for automatic static mesh reduction
[2017.04.08-11.16.22:913][  0]LogSimplygon: Simplygon DLL not present - disabling.
[2017.04.08-11.16.22:971][  0]LogMeshUtilities: Using SimplygonSwarm for distributed automatic mesh merging
[2017.04.08-11.16.22:971][  0]LogMeshUtilities: No automatic skeletal mesh reduction module available
[2017.04.08-11.16.22:971][  0]LogMeshUtilities: No automatic mesh merging module available
[2017.04.08-11.16.23:726][  0]LogNetVersion: GetLocalNetworkVersion: CL: 3299760, ProjectName: civgame, ProjectVersion: , EngineNetworkVersion: 2, GameNetworkVersion: 0, NetworkChecksum: 1271664557
[2017.04.08-11.16.23:780][  0]LogAssetRegistry: FAssetRegistry took 0.0227 seconds to start up
[2017.04.08-11.16.23:820][  0]LogPackageLocalizationCache: Processed 2 localized package path(s) for 1 prioritized culture(s) in 0.009933 seconds
[2017.04.08-11.16.23:825][  0]LogUObjectArray: 32493 objects as part of root set at end of initial load.
[2017.04.08-11.16.23:825][  0]LogUObjectAllocator: 7077032 out of 0 bytes used by permanent object pool.
[2017.04.08-11.16.23:825][  0]LogUObjectArray: CloseDisregardForGC: 0/0 objects in disregard for GC pool
[2017.04.08-11.16.23:912][  0]LogInit: WinSock: version 1.1 (2.2), MaxSocks=32767, MaxUdp=65467
[2017.04.08-11.16.47:246][  0]LogPackageName:Error: DoesPackageExist: DoesPackageExist FAILED: '/Paper2D/MaskedUnlitSpriteMaterial' is not a standard unreal filename or a long path name. Reason: Path does not start with a valid root. Path must begin with: '/Engine/', '/Game/', '/Config/', '/Script/', or '/Temp/'
[2017.04.08-11.16.47:277][  0]LogLinker:Warning: Can't find file '/Paper2D/MaskedUnlitSpriteMaterial'
[2017.04.08-11.16.47:277][  0]LogPackageName:Error: DoesPackageExist: DoesPackageExist FAILED: '/Paper2D/MaskedUnlitSpriteMaterial' is not a standard unreal filename or a long path name. Reason: Path does not start with a valid root. Path must begin with: '/Engine/', '/Game/', '/Config/', '/Script/', or '/Temp/'
[2017.04.08-11.16.47:277][  0]LogLinker:Warning: Can't find file '/Paper2D/MaskedUnlitSpriteMaterial'
[2017.04.08-11.16.47:277][  0]LogUObjectGlobals:Warning: Failed to find object 'MaterialInterface /Paper2D/MaskedUnlitSpriteMaterial.MaskedUnlitSpriteMaterial'
[2017.04.08-11.16.47:277][  0]Error: CDO Constructor (PaperFlipbook): Failed to find /Paper2D/MaskedUnlitSpriteMaterial

[2017.04.08-11.16.47:277][  0]LogPackageName:Error: DoesPackageExist: DoesPackageExist FAILED: '/Paper2D/MaskedUnlitSpriteMaterial' is not a standard unreal filename or a long path name. Reason: Path does not start with a valid root. Path must begin with: '/Engine/', '/Game/', '/Config/', '/Script/', or '/Temp/'
[2017.04.08-11.16.47:277][  0]Error: CDO Constructor (PaperSprite): Failed to find /Paper2D/MaskedUnlitSpriteMaterial

[2017.04.08-11.16.47:277][  0]LogPackageName:Error: DoesPackageExist: DoesPackageExist FAILED: '/Paper2D/OpaqueUnlitSpriteMaterial' is not a standard unreal filename or a long path name. Reason: Path does not start with a valid root. Path must begin with: '/Engine/', '/Game/', '/Config/', '/Script/', or '/Temp/'
[2017.04.08-11.16.47:277][  0]LogLinker:Warning: Can't find file '/Paper2D/OpaqueUnlitSpriteMaterial'
[2017.04.08-11.16.47:277][  0]LogPackageName:Error: DoesPackageExist: DoesPackageExist FAILED: '/Paper2D/OpaqueUnlitSpriteMaterial' is not a standard unreal filename or a long path name. Reason: Path does not start with a valid root. Path must begin with: '/Engine/', '/Game/', '/Config/', '/Script/', or '/Temp/'
[2017.04.08-11.16.47:277][  0]LogLinker:Warning: Can't find file '/Paper2D/OpaqueUnlitSpriteMaterial'
[2017.04.08-11.16.47:277][  0]LogUObjectGlobals:Warning: Failed to find object 'MaterialInterface /Paper2D/OpaqueUnlitSpriteMaterial.OpaqueUnlitSpriteMaterial'
[2017.04.08-11.16.47:277][  0]Error: CDO Constructor (PaperSprite): Failed to find /Paper2D/OpaqueUnlitSpriteMaterial

[2017.04.08-11.16.47:278][  0]LogPackageName:Error: DoesPackageExist: DoesPackageExist FAILED: '/Paper2D/DefaultPaperTerrainMaterial' is not a standard unreal filename or a long path name. Reason: Path does not start with a valid root. Path must begin with: '/Engine/', '/Game/', '/Config/', '/Script/', or '/Temp/'
[2017.04.08-11.16.47:278][  0]LogLinker:Warning: Can't find file '/Paper2D/DefaultPaperTerrainMaterial'
[2017.04.08-11.16.47:278][  0]LogPackageName:Error: DoesPackageExist: DoesPackageExist FAILED: '/Paper2D/DefaultPaperTerrainMaterial' is not a standard unreal filename or a long path name. Reason: Path does not start with a valid root. Path must begin with: '/Engine/', '/Game/', '/Config/', '/Script/', or '/Temp/'
[2017.04.08-11.16.47:278][  0]LogLinker:Warning: Can't find file '/Paper2D/DefaultPaperTerrainMaterial'
[2017.04.08-11.16.47:278][  0]LogUObjectGlobals:Warning: Failed to find object 'PaperTerrainMaterial /Paper2D/DefaultPaperTerrainMaterial.DefaultPaperTerrainMaterial'
[2017.04.08-11.16.47:278][  0]Error: CDO Constructor (PaperTerrainComponent): Failed to find /Paper2D/DefaultPaperTerrainMaterial

[2017.04.08-11.16.47:278][  0]LogPackageName:Error: DoesPackageExist: DoesPackageExist FAILED: '/Paper2D/MaskedUnlitSpriteMaterial' is not a standard unreal filename or a long path name. Reason: Path does not start with a valid root. Path must begin with: '/Engine/', '/Game/', '/Config/', '/Script/', or '/Temp/'
[2017.04.08-11.16.47:278][  0]Error: CDO Constructor (PaperTileMap): Failed to find /Paper2D/MaskedUnlitSpriteMaterial

[2017.04.08-11.16.47:278][  0]LogPackageName:Error: DoesPackageExist: DoesPackageExist FAILED: '/Paper2D/MaskedUnlitSpriteMaterial' is not a standard unreal filename or a long path name. Reason: Path does not start with a valid root. Path must begin with: '/Engine/', '/Game/', '/Config/', '/Script/', or '/Temp/'
[2017.04.08-11.16.47:278][  0]Error: CDO Constructor (PaperTileMapComponent): Failed to find /Paper2D/MaskedUnlitSpriteMaterial

[2017.04.08-11.16.47:278][  0]LogUObjectBase:Warning: -------------- Default Property warnings and errors:
[2017.04.08-11.16.47:278][  0]LogUObjectBase:Warning: Error: CDO Constructor (PaperFlipbook): Failed to find /Paper2D/MaskedUnlitSpriteMaterial

[2017.04.08-11.16.47:278][  0]LogUObjectBase:Warning: Error: CDO Constructor (PaperSprite): Failed to find /Paper2D/MaskedUnlitSpriteMaterial

[2017.04.08-11.16.47:278][  0]LogUObjectBase:Warning: Error: CDO Constructor (PaperSprite): Failed to find /Paper2D/OpaqueUnlitSpriteMaterial

[2017.04.08-11.16.47:278][  0]LogUObjectBase:Warning: Error: CDO Constructor (PaperTerrainComponent): Failed to find /Paper2D/DefaultPaperTerrainMaterial

[2017.04.08-11.16.47:278][  0]LogUObjectBase:Warning: Error: CDO Constructor (PaperTileMap): Failed to find /Paper2D/MaskedUnlitSpriteMaterial

[2017.04.08-11.16.47:278][  0]LogUObjectBase:Warning: Error: CDO Constructor (PaperTileMapComponent): Failed to find /Paper2D/MaskedUnlitSpriteMaterial

[2017.04.08-11.16.47:288][  0]LogWindowsTextInputMethodSystem:Display: IME system now activated using TSF (Microsoft IME).
[2017.04.08-11.17.00:522][  0]LogWindowsTextInputMethodSystem:Display: IME system now activated using TSF (Microsoft IME).
[2017.04.08-11.17.00:795][  0]LogTcpMessaging: Initializing TcpMessaging bridge
[2017.04.08-11.17.00:843][  0]LogUdpMessaging: Initializing bridge on interface 0.0.0.0:0 to multicast group 230.0.0.1:6666.
[2017.04.08-11.17.01:102][  0]LogModuleManager:Warning: No filename provided for module SimplexNoise
[2017.04.08-11.17.01:102][  0]LogModuleManager:Warning: ModuleManager: Unable to load module 'SimplexNoise' because the file 'C:/Program Files/Epic Games/UE_4.15/Engine/Binaries/Win64/' was not found.
[2017.04.08-11.17.01:107][  0]LogWindowsTextInputMethodSystem:Display: IME system now activated using TSF (Microsoft IME).
[2017.04.08-11.17.12:301][  0]LogWindowsTextInputMethodSystem:Display: IME system now activated using TSF (Microsoft IME).
[2017.04.08-11.17.12:326][  0]LogExit: Preparing to exit.
[2017.04.08-11.17.12:982][  0]LogObj: Freed 0b from 0 cluster array pools.
[2017.04.08-11.17.12:982][  0]LogExit: Object subsystem successfully closed.
[2017.04.08-11.17.13:002][  0]LogD3D11RHI: Shutdown
[2017.04.08-11.17.13:002][  0]LogD3D11RHI: CleanupD3DDevice
[2017.04.08-11.17.13:048][  0]LogD3D11RHI: ~FD3D11DynamicRHI
[2017.04.08-11.17.13:089][  0]LogModuleManager: Shutting down and abandoning module HotReload (225)
[2017.04.08-11.17.13:090][  0]LogModuleManager: Shutting down and abandoning module PhysXVehiclesEditor (222)
[2017.04.08-11.17.13:090][  0]LogModuleManager: Shutting down and abandoning module PhysXVehicles (220)
[2017.04.08-11.17.13:090][  0]LogModuleManager: Shutting down and abandoning module LocationServicesBPLibrary (218)
[2017.04.08-11.17.13:090][  0]LogModuleManager: Shutting down and abandoning module UdpMessaging (216)
[2017.04.08-11.17.13:191][  0]LogModuleManager: Shutting down and abandoning module TcpMessaging (214)
[2017.04.08-11.17.13:803][  0]LogModuleManager: Shutting down and abandoning module GameplayTagsEditor (212)
[2017.04.08-11.17.13:803][  0]LogModuleManager: Shutting down and abandoning module FacialAnimationEditor (210)
[2017.04.08-11.17.13:803][  0]LogModuleManager: Shutting down and abandoning module FacialAnimation (208)
[2017.04.08-11.17.13:803][  0]LogModuleManager: Shutting down and abandoning module LightPropagationVolumeRuntime (206)
[2017.04.08-11.17.13:803][  0]LogModuleManager: Shutting down and abandoning module Paper2D (204)
[2017.04.08-11.17.13:803][  0]LogModuleManager: Shutting down and abandoning module WindowsMoviePlayer (202)
[2017.04.08-11.17.13:803][  0]LogModuleManager: Shutting down and abandoning module WmfMedia (200)
[2017.04.08-11.17.13:803][  0]LogModuleManager: Shutting down and abandoning module MfMedia (198)
[2017.04.08-11.17.13:803][  0]LogModuleManager: Shutting down and abandoning module MediaAssets (196)
[2017.04.08-11.17.13:803][  0]LogModuleManager: Shutting down and abandoning module GameLiveStreaming (194)
[2017.04.08-11.17.13:804][  0]LogModuleManager: Shutting down and abandoning module VREditor (192)
[2017.04.08-11.17.13:804][  0]LogModuleManager: Shutting down and abandoning module GameplayTasksEditor (190)
[2017.04.08-11.17.13:804][  0]LogModuleManager: Shutting down and abandoning module BehaviorTreeEditor (188)
[2017.04.08-11.17.13:804][  0]LogModuleManager: Shutting down and abandoning module FunctionalTesting (186)
[2017.04.08-11.17.13:804][  0]LogModuleManager: Shutting down and abandoning module CollisionAnalyzer (184)
[2017.04.08-11.17.13:804][  0]LogModuleManager: Shutting down and abandoning module UMG (182)
[2017.04.08-11.17.13:804][  0]LogModuleManager: Shutting down and abandoning module UMGEditor (181)
[2017.04.08-11.17.13:804][  0]LogModuleManager: Shutting down and abandoning module Sequencer (180)
[2017.04.08-11.17.13:812][  0]LogModuleManager: Shutting down and abandoning module AssetTools (178)
[2017.04.08-11.17.13:812][  0]LogModuleManager: Shutting down and abandoning module MessageLog (177)
[2017.04.08-11.17.13:812][  0]LogModuleManager: Shutting down and abandoning module WorkspaceMenuStructure (176)
[2017.04.08-11.17.13:812][  0]LogModuleManager: Shutting down and abandoning module SlateReflector (170)
[2017.04.08-11.17.13:812][  0]LogModuleManager: Shutting down and abandoning module Slate (168)
[2017.04.08-11.17.13:812][  0]LogModuleManager: Shutting down and abandoning module EditorStyle (166)
[2017.04.08-11.17.13:816][  0]LogModuleManager: Shutting down and abandoning module SourceCodeAccess (164)
[2017.04.08-11.17.13:816][  0]LogModuleManager: Shutting down and abandoning module HeadMountedDisplay (162)
[2017.04.08-11.17.13:816][  0]LogModuleManager: Shutting down and abandoning module XAudio2 (160)
[2017.04.08-11.17.13:816][  0]LogModuleManager: Shutting down and abandoning module Networking (158)
[2017.04.08-11.17.13:816][  0]LogModuleManager: Shutting down and abandoning module Core (154)
[2017.04.08-11.17.13:816][  0]LogModuleManager: Shutting down and abandoning module AssetRegistry (152)
[2017.04.08-11.17.14:038][  0]LogDirectoryWatcher: A directory notification for '../../../Engine/Content/' was aborted.
[2017.04.08-11.17.14:038][  0]LogDirectoryWatcher: A directory notification for '../../../../../../GGGGIIIIIITTTTTT/CivGame/CIVGAME/Content/' was aborted.
[2017.04.08-11.17.14:038][  0]LogModuleManager: Shutting down and abandoning module DirectoryWatcher (151)
[2017.04.08-11.17.14:038][  0]LogModuleManager: Shutting down and abandoning module KismetCompiler (148)
[2017.04.08-11.17.14:038][  0]LogModuleManager: Shutting down and abandoning module PhysXFormats (146)
[2017.04.08-11.17.14:038][  0]LogModuleManager: Shutting down and abandoning module MeshUtilities (144)
[2017.04.08-11.17.14:038][  0]LogModuleManager: Shutting down and abandoning module SimplygonSwarm (143)
[2017.04.08-11.17.14:038][  0]LogModuleManager: Shutting down and abandoning module SimplygonMeshReduction (141)
[2017.04.08-11.17.14:038][  0]LogModuleManager: Shutting down and abandoning module QuadricMeshReduction (139)
[2017.04.08-11.17.14:038][  0]LogModuleManager: Shutting down and abandoning module PropertyEditor (137)
[2017.04.08-11.17.14:038][  0]LogModuleManager: Shutting down and abandoning module DerivedDataCache (134)
[2017.04.08-11.17.14:418][  0]LogDerivedDataCache: Shutdown
[2017.04.08-11.17.14:419][  0]LogModuleManager: Shutting down and abandoning module TargetPlatform (132)
[2017.04.08-11.17.14:419][  0]LogModuleManager: Shutting down and abandoning module VulkanShaderFormat (131)
[2017.04.08-11.17.14:419][  0]LogModuleManager: Shutting down and abandoning module ShaderFormatOpenGL (129)
[2017.04.08-11.17.14:419][  0]LogModuleManager: Shutting down and abandoning module ShaderFormatD3D (127)
[2017.04.08-11.17.14:419][  0]LogModuleManager: Shutting down and abandoning module MetalShaderFormat (125)
[2017.04.08-11.17.14:419][  0]LogModuleManager: Shutting down and abandoning module TextureFormatUncompressed (123)
[2017.04.08-11.17.14:419][  0]LogModuleManager: Shutting down and abandoning module TextureFormatPVR (121)
[2017.04.08-11.17.14:419][  0]LogModuleManager: Shutting down and abandoning module TextureFormatDXT (119)
[2017.04.08-11.17.14:419][  0]LogModuleManager: Shutting down and abandoning module TextureFormatIntelISPCTexComp (117)
[2017.04.08-11.17.14:419][  0]LogModuleManager: Shutting down and abandoning module TextureFormatASTC (115)
[2017.04.08-11.17.14:419][  0]LogModuleManager: Shutting down and abandoning module ImageWrapper (114)
[2017.04.08-11.17.14:419][  0]LogModuleManager: Shutting down and abandoning module TextureFormatAndroid (111)
[2017.04.08-11.17.14:419][  0]LogModuleManager: Shutting down and abandoning module AudioFormatOpus (109)
[2017.04.08-11.17.14:419][  0]LogModuleManager: Shutting down and abandoning module AudioFormatOgg (107)
[2017.04.08-11.17.14:419][  0]LogModuleManager: Shutting down and abandoning module AudioFormatADPCM (105)
[2017.04.08-11.17.14:419][  0]LogModuleManager: Shutting down and abandoning module LinuxTargetPlatform (103)
[2017.04.08-11.17.14:419][  0]LogModuleManager: Shutting down and abandoning module LinuxServerTargetPlatform (101)
[2017.04.08-11.17.14:419][  0]LogModuleManager: Shutting down and abandoning module LinuxNoEditorTargetPlatform (99)
[2017.04.08-11.17.14:419][  0]LogModuleManager: Shutting down and abandoning module LinuxClientTargetPlatform (97)
[2017.04.08-11.17.14:419][  0]LogModuleManager: Shutting down and abandoning module TVOSTargetPlatform (95)
[2017.04.08-11.17.14:419][  0]LogModuleManager: Shutting down and abandoning module Messaging (93)
[2017.04.08-11.17.14:419][  0]LogModuleManager: Shutting down and abandoning module IOSTargetPlatform (91)
[2017.04.08-11.17.14:419][  0]LogModuleManager: Shutting down and abandoning module HTML5TargetPlatform (89)
[2017.04.08-11.17.14:419][  0]LogModuleManager: Shutting down and abandoning module Android_PVRTCTargetPlatform (87)
[2017.04.08-11.17.14:419][  0]LogModuleManager: Shutting down and abandoning module Android_MultiTargetPlatform (85)
[2017.04.08-11.17.14:419][  0]LogModuleManager: Shutting down and abandoning module Android_ETC2TargetPlatform (83)
[2017.04.08-11.17.14:419][  0]LogModuleManager: Shutting down and abandoning module Android_ETC1TargetPlatform (81)
[2017.04.08-11.17.14:419][  0]LogModuleManager: Shutting down and abandoning module Android_DXTTargetPlatform (79)
[2017.04.08-11.17.14:419][  0]LogModuleManager: Shutting down and abandoning module Android_ATCTargetPlatform (77)
[2017.04.08-11.17.14:419][  0]LogModuleManager: Shutting down and abandoning module Android_ASTCTargetPlatform (75)
[2017.04.08-11.17.14:419][  0]LogModuleManager: Shutting down and abandoning module AndroidTargetPlatform (73)
[2017.04.08-11.17.14:419][  0]LogModuleManager: Shutting down and abandoning module WindowsTargetPlatform (71)
[2017.04.08-11.17.14:419][  0]LogModuleManager: Shutting down and abandoning module WindowsServerTargetPlatform (69)
[2017.04.08-11.17.14:419][  0]LogModuleManager: Shutting down and abandoning module WindowsNoEditorTargetPlatform (67)
[2017.04.08-11.17.14:419][  0]LogModuleManager: Shutting down and abandoning module WindowsClientTargetPlatform (65)
[2017.04.08-11.17.14:419][  0]LogModuleManager: Shutting down and abandoning module MacTargetPlatform (63)
[2017.04.08-11.17.14:419][  0]LogModuleManager: Shutting down and abandoning module MacServerTargetPlatform (61)
[2017.04.08-11.17.14:419][  0]LogModuleManager: Shutting down and abandoning module MacNoEditorTargetPlatform (59)
[2017.04.08-11.17.14:419][  0]LogModuleManager: Shutting down and abandoning module MacClientTargetPlatform (57)
[2017.04.08-11.17.14:419][  0]LogModuleManager: Shutting down and abandoning module AllDesktopTargetPlatform (55)
[2017.04.08-11.17.14:419][  0]LogModuleManager: Shutting down and abandoning module InputCore (52)
[2017.04.08-11.17.14:419][  0]LogModuleManager: Shutting down and abandoning module Settings (50)
[2017.04.08-11.17.14:419][  0]LogModuleManager: Shutting down and abandoning module OculusRift (48)
[2017.04.08-11.17.14:420][  0]LogHMD: Oculus shutdown.
[2017.04.08-11.17.14:420][  0]LogModuleManager: Shutting down and abandoning module GearVR (46)
[2017.04.08-11.17.14:420][  0]LogModuleManager: Shutting down and abandoning module ExampleDeviceProfileSelector (44)
[2017.04.08-11.17.14:420][  0]LogModuleManager: Shutting down and abandoning module OnlineBlueprintSupport (42)
[2017.04.08-11.17.14:420][  0]LogModuleManager: Shutting down and abandoning module OnlineSubsystem (38)
[2017.04.08-11.17.14:420][  0]LogModuleManager: Shutting down and abandoning module XMPP (37)
[2017.04.08-11.17.14:420][  0]LogModuleManager: Shutting down and abandoning module HTTP (35)
[2017.04.08-11.17.14:422][  0]LogModuleManager: Shutting down and abandoning module SSL (34)
[2017.04.08-11.17.14:424][  0]LogModuleManager: Shutting down and abandoning module AudioEditor (30)
[2017.04.08-11.17.14:424][  0]LogModuleManager: Shutting down and abandoning module TextureCompressor (28)
[2017.04.08-11.17.14:424][  0]LogModuleManager: Shutting down and abandoning module ShaderCore (26)
[2017.04.08-11.17.14:424][  0]LogModuleManager: Shutting down and abandoning module Landscape (24)
[2017.04.08-11.17.14:424][  0]LogModuleManager: Shutting down and abandoning module SlateRHIRenderer (22)
[2017.04.08-11.17.14:424][  0]LogModuleManager: Shutting down and abandoning module OpenGLDrv (20)
[2017.04.08-11.17.14:424][  0]LogModuleManager: Shutting down and abandoning module D3D11RHI (18)
[2017.04.08-11.17.14:424][  0]LogModuleManager: Shutting down and abandoning module AnimGraphRuntime (16)
[2017.04.08-11.17.14:424][  0]LogModuleManager: Shutting down and abandoning module Renderer (14)
[2017.04.08-11.17.14:424][  0]LogModuleManager: Shutting down and abandoning module Engine (12)
[2017.04.08-11.17.14:424][  0]LogModuleManager: Shutting down and abandoning module CoreUObject (10)
[2017.04.08-11.17.14:424][  0]LogModuleManager: Shutting down and abandoning module NetworkFile (8)
[2017.04.08-11.17.14:424][  0]LogModuleManager: Shutting down and abandoning module StreamingFile (6)
[2017.04.08-11.17.14:424][  0]LogModuleManager: Shutting down and abandoning module SandboxFile (4)
[2017.04.08-11.17.14:424][  0]LogModuleManager: Shutting down and abandoning module PakFile (2)
[2017.04.08-11.17.14:428][  0]LogExit: Exiting.
[2017.04.08-11.17.14:449][  0]Log file closed, 04/08/17 20:17:14
