Log file open, 04/08/17 19:57:04
LogInit:Display: Running engine for game: CIVGAME
LogPlatformFile: Not using cached read wrapper
LogInit:Display: RandInit(1086031307) SRandInit(1086031307).
LogTaskGraph: Started task graph with 5 named threads and 8 total threads with 1 sets of task threads.
LogStats: Stats thread started at 0.322762
LogInit: Using libcurl 7.47.1
LogInit:  - built for x86_64-pc-win32
LogInit:  - supports SSL with OpenSSL/1.0.2g
LogInit:  - supports HTTP deflate (compression) using libz 1.2.8
LogInit:  - other features:
LogInit:      CURL_VERSION_SSL
LogInit:      CURL_VERSION_LIBZ
LogInit:      CURL_VERSION_IPV6
LogInit:      CURL_VERSION_ASYNCHDNS
LogInit:      CURL_VERSION_LARGEFILE
LogInit:      CURL_VERSION_IDN
LogInit:  CurlRequestOptions (configurable via config and command line):
LogInit:  - bVerifyPeer = false  - Libcurl will NOT verify peer certificate
LogInit:  - bUseHttpProxy = false  - Libcurl will NOT use HTTP proxy
LogInit:  - bDontReuseConnections = false  - Libcurl will reuse connections
LogInit:  - CertBundlePath = nullptr  - Libcurl will use whatever was configured at build time.
OCULUS: Info: [CAPI] LibOVR module is located at C:\Program Files\Oculus\Support\oculus-runtime\LibOVRRT64_1.dll
OCULUS: Debug: Connected to the server running version (prod = 1).1.13.0(build = 361842) feature version = 0. Client runs version (prod = 1).1.13.0(build = 361842) feature version = 0
LogHMD: GearVR: Emulating GearVR using Oculus Rift!
LogInit: Build: ++UE4+Release-4.15-CL-3348071
LogInit: Engine Version: 4.15.1-3348071+++UE4+Release-4.15
LogInit: Compatible Engine Version: 4.15.0-3299760+++UE4+Release-4.15
LogInit: Net CL: 3299760
LogDevObjectVersion: Number of dev versions registered: 14
LogDevObjectVersion:   Dev-Blueprints (B0D832E4-1F89-4F0D-ACCF-7EB736FD4AA2): 8
LogDevObjectVersion:   Dev-Build (E1C64328-A22C-4D53-A36C-8E866417BD8C): 0
LogDevObjectVersion:   Dev-Core (375EC13C-06E4-48FB-B500-84F0262A717E): 2
LogDevObjectVersion:   Dev-Editor (E4B068ED-F494-42E9-A231-DA0B2E46BB41): 14
LogDevObjectVersion:   Dev-Framework (CFFC743F-43B0-4480-9391-14DF171D2073): 22
LogDevObjectVersion:   Dev-Mobile (B02B49B5-BB20-44E9-A304-32B752E40360): 0
LogDevObjectVersion:   Dev-Networking (A4E4105C-59A1-49B5-A7C5-40C4547EDFEE): 0
LogDevObjectVersion:   Dev-Online (39C831C9-5AE6-47DC-9A44-9C173E1C8E7C): 0
LogDevObjectVersion:   Dev-Physics (78F01B33-EBEA-4F98-B9B4-84EACCB95AA2): 0
LogDevObjectVersion:   Dev-Platform (6631380F-2D4D-43E0-8009-CF276956A95A): 0
LogDevObjectVersion:   Dev-Rendering (12F88B9F-8875-4AFC-A67C-D90C383ABD29): 12
LogDevObjectVersion:   Dev-Sequencer (7B5AE74C-D270-4C10-A958-57980B212A5A): 3
LogDevObjectVersion:   Dev-VR (D7296918-1DD6-4BDD-9DE2-64A83CC13884): 0
LogDevObjectVersion:   Dev-LoadTimes (C2A15278-BFE7-4AFE-6C17-90FF531DF755): 1
LogInit: Compiled (64-bit): Mar 15 2017 16:52:47
LogInit: Compiled with Visual C++: 19.00.23026.00
LogInit: Build Configuration: Development
LogInit: Branch Name: ++UE4+Release-4.15
LogInit: Command line:  
LogInit: Base directory: C:/Program Files/Epic Games/UE_4.15/Engine/Binaries/Win64/
LogInit: Installed Engine Build: 1
LogInit: Presizing for max 8388607 objects, including 0 objects not considered by GC, pre-allocating 0 bytes for permanent pool.
LogInit: Object subsystem initialized
[2017.04.08-10.57.12:625][  0]LogInit: Selected Device Profile: [Windows]
[2017.04.08-10.57.12:625][  0]LogInit: Applying CVar settings loaded from the selected device profile: [Windows]
[2017.04.08-10.57.16:630][  0]LogInit: Computer: DESKTOP-9TH7LOT
[2017.04.08-10.57.16:630][  0]LogInit: User: huozi
[2017.04.08-10.57.16:630][  0]LogInit: CPU Page size=65536, Cores=4
[2017.04.08-10.57.16:630][  0]LogInit: High frequency timer resolution =2.648437 MHz
[2017.04.08-10.57.16:709][  0]LogMemory: Memory total: Physical=8.0GB (8GB approx)
[2017.04.08-10.57.16:709][  0]LogMemory: Platform Memory Stats for Windows
[2017.04.08-10.57.16:709][  0]LogMemory: Process Physical Memory: 267.91 MB used, 267.91 MB peak
[2017.04.08-10.57.16:709][  0]LogMemory: Process Virtual Memory: 265.65 MB used, 265.65 MB peak
[2017.04.08-10.57.16:709][  0]LogMemory: Physical Memory: 4471.74 MB used,  3671.54 MB free, 8143.29 MB total
[2017.04.08-10.57.16:709][  0]LogMemory: Virtual Memory: 681.51 MB used,  3671.54 MB free, 134217728.00 MB total
[2017.04.08-10.57.21:012][  0]LogInit: Overriding culture en with editor configuration.
[2017.04.08-10.57.41:320][  0]LogD3D11RHI: D3D11 adapters:
[2017.04.08-10.57.41:712][  0]LogD3D11RHI:    0. 'NVIDIA GeForce GTX 1050 Ti' (Feature Level 11_0)
[2017.04.08-10.57.41:712][  0]LogD3D11RHI:       4059/0/4071 MB DedicatedVideo/DedicatedSystem/SharedSystem, Outputs:1, VendorId:0x10de
[2017.04.08-10.57.41:713][  0]LogD3D11RHI:    1. 'Microsoft Basic Render Driver' (Feature Level 11_0)
[2017.04.08-10.57.41:713][  0]LogD3D11RHI:       0/0/4071 MB DedicatedVideo/DedicatedSystem/SharedSystem, Outputs:0, VendorId:0x1414
[2017.04.08-10.57.41:713][  0]LogD3D11RHI: Chosen D3D11 Adapter: 0
[2017.04.08-10.57.41:870][  0]LogD3D11RHI: Creating new Direct3DDevice
[2017.04.08-10.57.41:870][  0]LogD3D11RHI:     GPU DeviceId: 0x1c82 (for the marketing name, search the web for "GPU Device Id")
[2017.04.08-10.57.41:870][  0]LogWindows: EnumDisplayDevices:
[2017.04.08-10.57.41:870][  0]LogWindows:    0. 'NVIDIA GeForce GTX 1050 Ti' (P:1 D:1)
[2017.04.08-10.57.41:871][  0]LogWindows:    1. 'NVIDIA GeForce GTX 1050 Ti' (P:0 D:0)
[2017.04.08-10.57.41:871][  0]LogWindows:    2. 'NVIDIA GeForce GTX 1050 Ti' (P:0 D:0)
[2017.04.08-10.57.41:872][  0]LogWindows:    3. 'NVIDIA GeForce GTX 1050 Ti' (P:0 D:0)
[2017.04.08-10.57.41:872][  0]LogWindows: DebugString: FoundDriverCount:4 
[2017.04.08-10.57.41:872][  0]LogD3D11RHI:     Adapter Name: NVIDIA GeForce GTX 1050 Ti
[2017.04.08-10.57.41:873][  0]LogD3D11RHI:   Driver Version: 376.53 (internal:21.21.13.7653, unified:376.53)
[2017.04.08-10.57.41:873][  0]LogD3D11RHI:      Driver Date: 12-29-2016
[2017.04.08-10.57.41:899][  0]LogRHI: Texture pool is 1361 MB (70% of 1945 MB)
[2017.04.08-10.57.42:153][  0]LogD3D11RHI: Async texture creation enabled
[2017.04.08-10.57.44:178][  0]LogD3D11RHI: GPU Timing Frequency: 1000.000000 (Debug: 2 3)
[2017.04.08-10.57.44:713][  0]LogShaderCompilers: Guid format shader working directory is -4 characters bigger than the processId version (../../../../../../GGGGIIIIIITTTTTT/CivGame/CIVGAME/Intermediate/Shaders/WorkingDirectory/3708/).
[2017.04.08-10.57.44:713][  0]LogShaderCompilers: Cleaned the shader compiler working directory 'C:/Users/huozi/AppData/Local/Temp/UnrealShaderWorkingDir/67CF3AC24F9361942E5359B7131562A1/'.
[2017.04.08-10.57.44:721][  0]LogShaderCompilers:Display: Using Local Shader Compiler.
[2017.04.08-10.57.57:745][  0]LogTemp:Display: Loaded TP AllDesktopTargetPlatform
[2017.04.08-10.57.57:817][  0]LogTemp:Display: Loaded TP MacClientTargetPlatform
[2017.04.08-10.57.57:888][  0]LogTemp:Display: Loaded TP MacNoEditorTargetPlatform
[2017.04.08-10.57.57:956][  0]LogTemp:Display: Loaded TP MacServerTargetPlatform
[2017.04.08-10.57.58:058][  0]LogTemp:Display: Loaded TP MacTargetPlatform
[2017.04.08-10.57.58:124][  0]LogTemp:Display: Loaded TP WindowsClientTargetPlatform
[2017.04.08-10.57.58:189][  0]LogTemp:Display: Loaded TP WindowsNoEditorTargetPlatform
[2017.04.08-10.57.58:256][  0]LogTemp:Display: Loaded TP WindowsServerTargetPlatform
[2017.04.08-10.57.58:354][  0]LogTemp:Display: Loaded TP WindowsTargetPlatform
[2017.04.08-10.57.58:574][  0]LogTemp:Display: Loaded TP AndroidTargetPlatform
[2017.04.08-10.57.58:718][  0]LogTemp:Display: Loaded TP Android_ASTCTargetPlatform
[2017.04.08-10.57.58:781][  0]LogTemp:Display: Loaded TP Android_ATCTargetPlatform
[2017.04.08-10.57.58:846][  0]LogTemp:Display: Loaded TP Android_DXTTargetPlatform
[2017.04.08-10.57.58:913][  0]LogTemp:Display: Loaded TP Android_ETC1TargetPlatform
[2017.04.08-10.57.58:981][  0]LogTemp:Display: Loaded TP Android_ETC2TargetPlatform
[2017.04.08-10.57.59:713][  0]LogTemp:Display: Loaded TP Android_MultiTargetPlatform
[2017.04.08-10.57.59:713][  0]LogTemp:Display: Loaded TP Android_PVRTCTargetPlatform
[2017.04.08-10.57.59:763][  0]LogTemp:Display: Loaded TP HTML5TargetPlatform
[2017.04.08-10.58.00:059][  0]LogTemp:Display: Loaded TP IOSTargetPlatform
[2017.04.08-10.58.00:100][  0]LogTemp:Display: Loaded TP TVOSTargetPlatform
[2017.04.08-10.58.00:164][  0]LogTemp:Display: Loaded TP LinuxClientTargetPlatform
[2017.04.08-10.58.00:229][  0]LogTemp:Display: Loaded TP LinuxNoEditorTargetPlatform
[2017.04.08-10.58.00:293][  0]LogTemp:Display: Loaded TP LinuxServerTargetPlatform
[2017.04.08-10.58.00:425][  0]LogTemp:Display: Loaded TP LinuxTargetPlatform
[2017.04.08-10.58.00:425][  0]LogTargetPlatformManager:Display: Building Assets For Windows
[2017.04.08-10.58.05:333][  0]LogDerivedDataCache:Display: Max Cache Size: 512 MB
[2017.04.08-10.58.08:827][  0]LogDerivedDataCache: Loaded boot cache 3.40s 50MB C:/Users/huozi/AppData/Local/UnrealEngine/4.15/DerivedDataCache/Boot.ddc.
[2017.04.08-10.58.08:827][  0]LogDerivedDataCache:Display: Loaded Boot cache: C:/Users/huozi/AppData/Local/UnrealEngine/4.15/DerivedDataCache/Boot.ddc
[2017.04.08-10.58.08:827][  0]LogDerivedDataCache: FDerivedDataBackendGraph:  Pak pak cache file ../../../../../../GGGGIIIIIITTTTTT/CivGame/CIVGAME/DerivedDataCache/DDC.ddp not found, will not use a pak cache.
[2017.04.08-10.58.08:827][  0]LogDerivedDataCache: Unable to find inner node Pak for hierarchical cache Hierarchy.
[2017.04.08-10.58.08:827][  0]LogDerivedDataCache: FDerivedDataBackendGraph:  CompressedPak pak cache file ../../../../../../GGGGIIIIIITTTTTT/CivGame/CIVGAME/DerivedDataCache/Compressed.ddp not found, will not use a pak cache.
[2017.04.08-10.58.08:827][  0]LogDerivedDataCache: Unable to find inner node CompressedPak for hierarchical cache Hierarchy.
[2017.04.08-10.58.08:911][  0]LogDerivedDataCache:Display: Pak cache opened for reading ../../../Engine/DerivedDataCache/Compressed.ddp.
[2017.04.08-10.58.08:975][  0]LogDerivedDataCache: Using Local data cache path C:/Users/huozi/AppData/Local/UnrealEngine/Common/DerivedDataCache: Writable
[2017.04.08-10.58.09:872][  0]LogSlate: Using Freetype 2.6.0
[2017.04.08-10.58.10:096][  0]LogSlate: SlateFontCache - WITH_FREETYPE: 1, WITH_HARFBUZZ: 1
[2017.04.08-10.58.10:096][  0]LogSlate: SlateFontCache - WITH_FREETYPE: 1, WITH_HARFBUZZ: 1
[2017.04.08-10.58.31:133][  0]LogInit: Selected Device Profile: [Windows]
[2017.04.08-10.58.31:215][  0]LogContentStreaming: Texture pool size is 0.00 MB
[2017.04.08-10.58.32:666][  0]LogMeshUtilities: Using QuadricMeshReduction for automatic static mesh reduction
[2017.04.08-10.58.32:760][  0]LogSimplygon: Simplygon DLL not present - disabling.
[2017.04.08-10.58.32:862][  0]LogMeshUtilities: Using SimplygonSwarm for distributed automatic mesh merging
[2017.04.08-10.58.32:862][  0]LogMeshUtilities: No automatic skeletal mesh reduction module available
[2017.04.08-10.58.32:862][  0]LogMeshUtilities: No automatic mesh merging module available
[2017.04.08-10.58.39:951][  0]LogNetVersion: GetLocalNetworkVersion: CL: 3299760, ProjectName: civgame, ProjectVersion: , EngineNetworkVersion: 2, GameNetworkVersion: 0, NetworkChecksum: 1271664557
[2017.04.08-10.58.40:101][  0]LogAssetRegistry: FAssetRegistry took 0.0238 seconds to start up
[2017.04.08-10.58.40:460][  0]LogPackageLocalizationCache: Processed 3 localized package path(s) for 1 prioritized culture(s) in 0.300153 seconds
[2017.04.08-10.58.40:566][  0]LogUObjectArray: 32493 objects as part of root set at end of initial load.
[2017.04.08-10.58.40:566][  0]LogUObjectAllocator: 7077032 out of 0 bytes used by permanent object pool.
[2017.04.08-10.58.40:566][  0]LogUObjectArray: CloseDisregardForGC: 0/0 objects in disregard for GC pool
[2017.04.08-10.58.40:770][  0]LogInit: WinSock: version 1.1 (2.2), MaxSocks=32767, MaxUdp=65467
[2017.04.08-10.59.14:606][  0]LogTcpMessaging: Initializing TcpMessaging bridge
[2017.04.08-10.59.14:655][  0]LogUdpMessaging: Initializing bridge on interface 0.0.0.0:0 to multicast group 230.0.0.1:6666.
[2017.04.08-10.59.16:830][  0]LogMaterial: Uniform references updated for custom material expression Custom.
[2017.04.08-10.59.18:641][  0]SourceControl: Info Source control is disabled
[2017.04.08-10.59.18:676][  0]SourceControl: Info Source control is disabled
[2017.04.08-10.59.18:778][  0]SourceControl: Info Source control is disabled
[2017.04.08-10.59.18:869][  0]SourceControl: Info Source control is disabled
[2017.04.08-10.59.23:944][  0]LogEngine: Initializing Engine...
[2017.04.08-10.59.23:988][  0]LogHMD: Oculus plugin initialized. Version: 4.15.1-3348071+++UE4+Release-4.15, LibOVR: 1.13.0, SDK: 1.10.0, built Mar 15 2017, 16:59:09
[2017.04.08-10.59.26:235][  0]LogAIModule: Creating AISystem for world Untitled
[2017.04.08-10.59.26:807][  0]LogInit: XAudio2 using '扬声器 (2- High Definition Audio 设备)' : 2 channels at 44.1 kHz using 16 bits per sample (channel mask 0x3)
[2017.04.08-10.59.26:866][  0]LogInit: FAudioDevice initialized.
[2017.04.08-10.59.26:900][  0]LogDerivedDataCache: Saved boot cache 0.03s 50MB C:/Users/huozi/AppData/Local/UnrealEngine/4.15/DerivedDataCache/Boot.ddc.
[2017.04.08-10.59.26:929][  0]LogInit: Texture streaming: Enabled
[2017.04.08-10.59.27:189][  0]LogEngineSessionManager: EngineSessionManager initialized
[2017.04.08-10.59.27:905][  0]LogInit: Transaction tracking system initialized
[2017.04.08-10.59.29:035][  0]BlueprintLog: New page: Editor Load
[2017.04.08-10.59.33:880][  0]LocalizationService: Info Localization service is disabled
[2017.04.08-10.59.35:785][  0]LogConsoleResponse:Display: 
[2017.04.08-10.59.40:679][  0]LogFileCache: Scanning file cache for directory 'C:/GGGGIIIIIITTTTTT/CivGame/CIVGAME/Content/' took 0.04s
[2017.04.08-10.59.40:679][  0]LogCook:Display: Max memory allowance for cook 16384mb min free memory 0mb
[2017.04.08-10.59.40:788][  0]LogCook:Display: Mobile HDR setting 1
[2017.04.08-10.59.44:745][  0]SourceControl: Info Source control is disabled
[2017.04.08-10.59.44:783][  0]Cmd: MAP LOAD FILE="../../../../../../GGGGIIIIIITTTTTT/CivGame/CIVGAME/Content/Maps/TestRoom.umap" TEMPLATE=0 SHOWPROGRESS=1 FEATURELEVEL=3
[2017.04.08-10.59.44:824][  0]LightingResults: New page: Lighting Build
[2017.04.08-10.59.45:454][  0]MapCheck: New page: Map Check
[2017.04.08-10.59.45:454][  0]LightingResults: New page: Lighting Build
[2017.04.08-10.59.50:137][  0]LogAIModule: Creating AISystem for world TestRoom
[2017.04.08-10.59.51:664][  0]LogEditorServer: Finished looking for orphan Actors (0.000 secs)
[2017.04.08-10.59.51:760][  0]Cmd: MAP CHECKDEP NOCLEARLOG
[2017.04.08-10.59.51:862][  0]MapCheck: Info Map check complete: 0 Error(s), 0 Warning(s), took 101.853ms to complete.
[2017.04.08-10.59.51:863][  0]LogFileHelpers: Loading map 'TestRoom' took 7.098
[2017.04.08-10.59.53:300][  0]LogWindowsTextInputMethodSystem:Display: IME system now activated using TSF (Microsoft IME).
[2017.04.08-10.59.55:318][  0]LogCollectionManager: Loaded 0 collections in 0.001821 seconds
[2017.04.08-10.59.55:639][  0]LogFileCache: Scanning file cache for directory 'C:/GGGGIIIIIITTTTTT/CivGame/CIVGAME/Saved/Collections/' took 0.01s
[2017.04.08-10.59.55:640][  0]LogFileCache: Scanning file cache for directory 'C:/GGGGIIIIIITTTTTT/CivGame/CIVGAME/Content/Developers/huozi/Collections/' took 0.01s
[2017.04.08-10.59.55:640][  0]LogFileCache: Scanning file cache for directory 'C:/GGGGIIIIIITTTTTT/CivGame/CIVGAME/Content/Collections/' took 0.01s
[2017.04.08-10.59.55:640][  0]LogCollectionManager: Rebuilt the GUID cache for 0 collections in 0.000002 seconds
[2017.04.08-10.59.55:652][  0]LogContentBrowser: Native class hierarchy populated in 0.0097 seconds. Added 2245 classes and 453 folders.
[2017.04.08-10.59.55:740][  0]LogStats: UGameplayTagsManager::ConstructGameplayTagTree: Construct from data asset -  0.000 s
[2017.04.08-10.59.55:740][  0]LogStats: UGameplayTagsManager::ConstructGameplayTagTree: GameplayTagTreeChangedEvent.Broadcast -  0.000 s
[2017.04.08-10.59.55:832][  0]LogContentBrowser: Native class hierarchy updated for 'WidgetCarousel' in 0.0005 seconds. Added 0 classes and 0 folders.
[2017.04.08-10.59.57:774][  0]LogContentBrowser: Native class hierarchy updated for 'AddContentDialog' in 0.0016 seconds. Added 0 classes and 0 folders.
[2017.04.08-10.59.57:982][  0]LogContentBrowser: Native class hierarchy updated for 'SceneOutliner' in 0.0005 seconds. Added 1 classes and 2 folders.
[2017.04.08-10.59.59:094][  0]LogCrashTracker: Crashtracker disabled due to settings.
[2017.04.08-10.59.59:354][  0]LogUObjectGlobals:Warning: Failed to find object 'Class None.'
[2017.04.08-10.59.59:720][  0]LogContentBrowser: Native class hierarchy updated for 'HierarchicalLODOutliner' in 0.0006 seconds. Added 1 classes and 2 folders.
[2017.04.08-10.59.59:720][  0]LogLoad: (Engine Initialization) Total time: 191.23 seconds
[2017.04.08-10.59.59:721][  0]LogLoad: (Engine Initialization) Total Blueprint compile time: 1.11 seconds
[2017.04.08-10.59.59:721][  0]LogExternalProfiler: Found external profiler: VSPerf
[2017.04.08-10.59.59:721][  0]LogExternalProfiler: Using external profiler: VSPerf
[2017.04.08-10.59.59:841][  0]LogOcInput: OculusInput pre-init called
[2017.04.08-10.59.59:873][  0]LogOcInput: OculusInput is initialized. Init status 0. Runtime version: 1.13.0
[2017.04.08-11.00.00:760][  0]LogContentStreaming: Texture pool size now 1000 MB
[2017.04.08-11.00.00:951][  0]LogSlate: Took 0.027950 seconds to synchronously load lazily loaded font '../../../Engine/Content/Slate/Fonts/Roboto-Regular.ttf' (155K)
[2017.04.08-11.00.00:994][  0]LogSlate: Took 0.020667 seconds to synchronously load lazily loaded font '../../../Engine/Content/Slate/Fonts/Roboto-Bold.ttf' (160K)
[2017.04.08-11.00.01:056][  0]LogSlate: Took 0.018510 seconds to synchronously load lazily loaded font '../../../Engine/Content/Editor/Slate/Fonts/FontAwesome.ttf' (139K)
[2017.04.08-11.00.02:293][  0]LogRenderer: Reallocating scene render targets to support 1060x512 NumSamples 1 (Frame:2).
[2017.04.08-11.00.03:228][  1]LogSlate: Took 0.023633 seconds to synchronously load lazily loaded font '../../../Engine/Content/Slate/Fonts/Roboto-Light.ttf' (159K)
[2017.04.08-11.00.03:703][  3]LogAssetRegistry: Asset discovery search completed in 83.6246 seconds
[2017.04.08-11.00.03:739][  3]LogCollectionManager: Rebuilt the object cache for 0 collections in 0.017349 seconds (found 0 objects)
[2017.04.08-11.00.03:739][  3]LogCollectionManager: Fixed up redirectors for 0 collections in 0.035219 seconds (updated 0 objects)
[2017.04.08-11.05.46:805][965]LogDirectoryWatcher:Warning: Failed to begin reading directory changes for ../../../../../../GGGGIIIIIITTTTTT/CivGame/CIVGAME/Plugins/. Error: The system cannot find the file specified. (0x00000002)
[2017.04.08-11.11.15:605][499]LogDirectoryWatcher: A directory notification for '../../../Engine/Plugins/' was aborted.
[2017.04.08-11.11.16:862][596]LogWindowsTextInputMethodSystem:Display: IME system now activated using TSF (Microsoft IME).
[2017.04.08-11.11.17:713][597]Cmd: QUIT_EDITOR
[2017.04.08-11.11.18:109][597]LogExit: Preparing to exit.
[2017.04.08-11.11.19:545][597]LogDirectoryWatcher: A directory notification for 'C:/GGGGIIIIIITTTTTT/CivGame/CIVGAME/Content/' was aborted.
[2017.04.08-11.11.19:985][597]LogExit: Editor shut down
[2017.04.08-11.11.19:985][597]LogExit: Transaction tracking system shut down
[2017.04.08-11.11.21:253][597]LogObj: Freed 0b from 0 cluster array pools.
[2017.04.08-11.11.21:253][597]LogExit: Object subsystem successfully closed.
[2017.04.08-11.11.21:672][597]LogD3D11RHI: Shutdown
[2017.04.08-11.11.21:672][597]LogD3D11RHI: CleanupD3DDevice
[2017.04.08-11.11.22:077][597]LogD3D11RHI: ~FD3D11DynamicRHI
[2017.04.08-11.11.23:258][597]LogModuleManager: Shutting down and abandoning module HierarchicalLODOutliner (498)
[2017.04.08-11.11.23:264][597]LogModuleManager: Shutting down and abandoning module CrashTracker (496)
[2017.04.08-11.11.23:264][597]LogModuleManager: Shutting down and abandoning module SceneOutliner (494)
[2017.04.08-11.11.23:271][597]LogModuleManager: Shutting down and abandoning module AddContentDialog (492)
[2017.04.08-11.11.23:275][597]LogDirectoryWatcher: A directory notification for 'C:/Program Files/Epic Games/UE_4.15/FeaturePacks/' was aborted.
[2017.04.08-11.11.23:277][597]LogModuleManager: Shutting down and abandoning module WidgetCarousel (491)
[2017.04.08-11.11.23:277][597]LogModuleManager: Shutting down and abandoning module EditorWidgets (488)
[2017.04.08-11.11.23:277][597]LogModuleManager: Shutting down and abandoning module CollectionManager (486)
[2017.04.08-11.11.23:284][597]LogDirectoryWatcher: A directory notification for 'C:/GGGGIIIIIITTTTTT/CivGame/CIVGAME/Content/Collections/' was aborted.
[2017.04.08-11.11.23:284][597]LogDirectoryWatcher: A directory notification for 'C:/GGGGIIIIIITTTTTT/CivGame/CIVGAME/Content/Developers/huozi/Collections/' was aborted.
[2017.04.08-11.11.23:285][597]LogDirectoryWatcher: A directory notification for 'C:/GGGGIIIIIITTTTTT/CivGame/CIVGAME/Saved/Collections/' was aborted.
[2017.04.08-11.11.23:285][597]LogModuleManager: Shutting down and abandoning module StatsViewer (484)
[2017.04.08-11.11.23:295][597]LogModuleManager: Shutting down and abandoning module FoliageEdit (482)
[2017.04.08-11.11.23:303][597]LogModuleManager: Shutting down and abandoning module LandscapeEditor (480)
[2017.04.08-11.11.23:316][597]LogModuleManager: Shutting down and abandoning module SceneDepthPickerMode (478)
[2017.04.08-11.11.23:316][597]LogModuleManager: Shutting down and abandoning module ActorPickerMode (476)
[2017.04.08-11.11.23:316][597]LogModuleManager: Shutting down and abandoning module GeometryMode (474)
[2017.04.08-11.11.23:316][597]LogModuleManager: Shutting down and abandoning module TextureAlignMode (472)
[2017.04.08-11.11.23:316][597]LogModuleManager: Shutting down and abandoning module BspMode (470)
[2017.04.08-11.11.23:321][597]LogModuleManager: Shutting down and abandoning module HardwareSurvey (468)
[2017.04.08-11.11.23:322][597]LogModuleManager: Shutting down and abandoning module SequenceRecorderSections (466)
[2017.04.08-11.11.23:322][597]LogModuleManager: Shutting down and abandoning module AutomationWorker (464)
[2017.04.08-11.11.23:366][597]LogModuleManager: Shutting down and abandoning module MatineeToLevelSequence (462)
[2017.04.08-11.11.23:366][597]LogModuleManager: Shutting down and abandoning module LevelSequenceEditor (460)
[2017.04.08-11.11.23:480][597]LogModuleManager: Shutting down and abandoning module PlacementMode (459)
[2017.04.08-11.11.23:480][597]LogModuleManager: Shutting down and abandoning module WmfMediaFactory (456)
[2017.04.08-11.11.23:480][597]LogModuleManager: Shutting down and abandoning module WmfMediaEditor (454)
[2017.04.08-11.11.23:480][597]LogModuleManager: Shutting down and abandoning module MfMediaFactory (452)
[2017.04.08-11.11.23:480][597]LogModuleManager: Shutting down and abandoning module MfMediaEditor (450)
[2017.04.08-11.11.23:480][597]LogModuleManager: Shutting down and abandoning module AvfMediaFactory (448)
[2017.04.08-11.11.23:480][597]LogModuleManager: Shutting down and abandoning module AvfMediaEditor (446)
[2017.04.08-11.11.23:480][597]LogModuleManager: Shutting down and abandoning module AndroidMediaFactory (444)
[2017.04.08-11.11.23:480][597]LogModuleManager: Shutting down and abandoning module Media (443)
[2017.04.08-11.11.23:480][597]LogModuleManager: Shutting down and abandoning module AndroidMediaEditor (440)
[2017.04.08-11.11.23:480][597]LogModuleManager: Shutting down and abandoning module CharacterAI (438)
[2017.04.08-11.11.23:480][597]LogModuleManager: Shutting down and abandoning module AudioCapture (436)
[2017.04.08-11.11.23:480][597]LogModuleManager: Shutting down and abandoning module SequenceRecorder (435)
[2017.04.08-11.11.23:559][597]LogModuleManager: Shutting down and abandoning module SmartSnapping (432)
[2017.04.08-11.11.23:559][597]LogModuleManager: Shutting down and abandoning module SessionServices (430)
[2017.04.08-11.11.23:559][597]LogModuleManager: Shutting down and abandoning module ViewportSnapping (428)
[2017.04.08-11.11.23:559][597]LogModuleManager: Shutting down and abandoning module ViewportInteraction (426)
[2017.04.08-11.11.23:559][597]LogModuleManager: Shutting down and abandoning module LogVisualizer (424)
[2017.04.08-11.11.23:571][597]LogModuleManager: Shutting down and abandoning module IntroTutorials (422)
[2017.04.08-11.11.23:612][597]LogModuleManager: Shutting down and abandoning module GameProjectGeneration (421)
[2017.04.08-11.11.23:680][597]LogModuleManager: Shutting down and abandoning module EditorLiveStreaming (418)
[2017.04.08-11.11.23:680][597]LogModuleManager: Shutting down and abandoning module IOSPlatformEditor (416)
[2017.04.08-11.11.23:680][597]LogModuleManager: Shutting down and abandoning module HTML5PlatformEditor (414)
[2017.04.08-11.11.23:680][597]LogModuleManager: Shutting down and abandoning module AndroidPlatformEditor (412)
[2017.04.08-11.11.23:692][597]LogModuleManager: Shutting down and abandoning module AndroidDeviceDetection (411)
[2017.04.08-11.11.23:992][597]LogModuleManager: Shutting down and abandoning module IOSRuntimeSettings (408)
[2017.04.08-11.11.23:992][597]LogModuleManager: Shutting down and abandoning module AndroidRuntimeSettings (406)
[2017.04.08-11.11.23:992][597]LogModuleManager: Shutting down and abandoning module InputBindingEditor (404)
[2017.04.08-11.11.24:004][597]LogModuleManager: Shutting down and abandoning module NiagaraEditor (402)
[2017.04.08-11.11.24:045][597]LogModuleManager: Shutting down and abandoning module MergeActors (400)
[2017.04.08-11.11.24:054][597]LogModuleManager: Shutting down and abandoning module SizeMap (398)
[2017.04.08-11.11.24:054][597]LogModuleManager: Shutting down and abandoning module TreeMap (396)
[2017.04.08-11.11.24:060][597]LogModuleManager: Shutting down and abandoning module ReferenceViewer (394)
[2017.04.08-11.11.24:060][597]LogModuleManager: Shutting down and abandoning module LocalizationDashboard (392)
[2017.04.08-11.11.24:068][597]LogModuleManager: Shutting down and abandoning module LocalizationService (391)
[2017.04.08-11.11.24:076][597]LogModuleManager: Shutting down and abandoning module HardwareTargeting (388)
[2017.04.08-11.11.24:082][597]LogModuleManager: Shutting down and abandoning module DeviceProfileEditor (386)
[2017.04.08-11.11.24:086][597]LogModuleManager: Shutting down and abandoning module UndoHistory (384)
[2017.04.08-11.11.24:096][597]LogModuleManager: Shutting down and abandoning module UserFeedback (382)
[2017.04.08-11.11.24:096][597]LogModuleManager: Shutting down and abandoning module XmlParser (380)
[2017.04.08-11.11.24:096][597]LogModuleManager: Shutting down and abandoning module Blutility (378)
[2017.04.08-11.11.24:105][597]LogModuleManager: Shutting down and abandoning module ProjectSettingsViewer (376)
[2017.04.08-11.11.24:105][597]LogModuleManager: Shutting down and abandoning module ProjectTargetPlatformEditor (375)
[2017.04.08-11.11.24:105][597]LogModuleManager: Shutting down and abandoning module EditorSettingsViewer (372)
[2017.04.08-11.11.24:105][597]LogModuleManager: Shutting down and abandoning module SettingsEditor (370)
[2017.04.08-11.11.24:120][597]LogModuleManager: Shutting down and abandoning module ProjectLauncher (368)
[2017.04.08-11.11.24:138][597]LogModuleManager: Shutting down and abandoning module SessionFrontend (366)
[2017.04.08-11.11.24:145][597]LogModuleManager: Shutting down and abandoning module ProfilerClient (364)
[2017.04.08-11.11.24:150][597]LogModuleManager: Shutting down and abandoning module DeviceManager (362)
[2017.04.08-11.11.24:207][597]LogModuleManager: Shutting down and abandoning module TargetDeviceServices (361)
[2017.04.08-11.11.24:258][597]LogModuleManager: Shutting down and abandoning module AutomationController (358)
[2017.04.08-11.11.24:285][597]LogModuleManager: Shutting down and abandoning module AutomationWindow (356)
[2017.04.08-11.11.24:299][597]LogModuleManager: Shutting down and abandoning module Layers (354)
[2017.04.08-11.11.24:325][597]LogModuleManager: Shutting down and abandoning module ComponentVisualizers (352)
[2017.04.08-11.11.24:325][597]LogModuleManager: Shutting down and abandoning module DetailCustomizations (350)
[2017.04.08-11.11.24:778][597]LogModuleManager: Shutting down and abandoning module PackagesDialog (348)
[2017.04.08-11.11.24:933][597]LogModuleManager: Shutting down and abandoning module Persona (346)
[2017.04.08-11.11.25:160][597]LogModuleManager: Shutting down and abandoning module AnimGraph (345)
[2017.04.08-11.11.25:160][597]LogModuleManager: Shutting down and abandoning module Kismet (342)
[2017.04.08-11.11.25:191][597]LogModuleManager: Shutting down and abandoning module GraphEditor (340)
[2017.04.08-11.11.25:371][597]LogModuleManager: Shutting down and abandoning module ClassViewer (338)
[2017.04.08-11.11.25:377][597]LogModuleManager: Shutting down and abandoning module Toolbox (336)
[2017.04.08-11.11.25:377][597]LogModuleManager: Shutting down and abandoning module ModuleUI (334)
[2017.04.08-11.11.25:400][597]LogModuleManager: Shutting down and abandoning module MovieSceneTools (332)
[2017.04.08-11.11.25:409][597]LogModuleManager: Shutting down and abandoning module OutputLog (330)
[2017.04.08-11.11.25:429][597]LogModuleManager: Shutting down and abandoning module GammaUI (328)
[2017.04.08-11.11.25:443][597]LogModuleManager: Shutting down and abandoning module Documentation (326)
[2017.04.08-11.11.25:443][597]LogModuleManager: Shutting down and abandoning module Niagara (324)
[2017.04.08-11.11.25:443][597]LogModuleManager: Shutting down and abandoning module StreamingPauseRendering (322)
[2017.04.08-11.11.25:443][597]LogModuleManager: Shutting down and abandoning module AnalyticsET (320)
[2017.04.08-11.11.25:443][597]LogModuleManager: Shutting down and abandoning module PortalServices (318)
[2017.04.08-11.11.25:443][597]LogModuleManager: Shutting down and abandoning module PortalRpc (316)
[2017.04.08-11.11.25:443][597]LogModuleManager: Shutting down and abandoning module MessagingRpc (314)
[2017.04.08-11.11.25:443][597]LogModuleManager: Shutting down and abandoning module AIModule (312)
[2017.04.08-11.11.25:443][597]LogModuleManager: Shutting down and abandoning module GameplayDebugger (311)
[2017.04.08-11.11.25:475][597]LogModuleManager: Shutting down and abandoning module AITestSuite (309)
[2017.04.08-11.11.25:475][597]LogModuleManager: Shutting down and abandoning module ProfilerService (306)
[2017.04.08-11.11.25:479][597]LogModuleManager: Shutting down and abandoning module TaskGraph (304)
[2017.04.08-11.11.25:529][597]LogModuleManager: Shutting down and abandoning module SteamVRController (302)
[2017.04.08-11.11.25:529][597]LogModuleManager: Shutting down and abandoning module SteamVR (300)
[2017.04.08-11.11.25:529][597]LogModuleManager: Shutting down and abandoning module ProceduralMeshComponentEditor (298)
[2017.04.08-11.11.25:529][597]LogModuleManager: Shutting down and abandoning module ProceduralMeshComponent (296)
[2017.04.08-11.11.25:543][597]LogModuleManager: Shutting down and abandoning module OculusLibrary (294)
[2017.04.08-11.11.25:543][597]LogModuleManager: Shutting down and abandoning module OculusInput (292)
[2017.04.08-11.11.25:543][597]LogModuleManager: Shutting down and abandoning module MobilePatchingUtils (290)
[2017.04.08-11.11.25:543][597]LogModuleManager: Shutting down and abandoning module CustomMeshComponent (288)
[2017.04.08-11.11.25:543][597]LogModuleManager: Shutting down and abandoning module CableComponent (286)
[2017.04.08-11.11.25:543][597]LogModuleManager: Shutting down and abandoning module ArchVisCharacter (284)
[2017.04.08-11.11.25:543][597]LogModuleManager: Shutting down and abandoning module MediaPlayerEditor (280)
[2017.04.08-11.11.25:577][597]LogModuleManager: Shutting down and abandoning module HTML5Networking (278)
[2017.04.08-11.11.25:577][597]LogModuleManager: Shutting down and abandoning module AlembicImporter (276)
[2017.04.08-11.11.25:580][597]LogModuleManager: Shutting down and abandoning module AlembicLibrary (275)
[2017.04.08-11.11.25:580][597]LogModuleManager: Shutting down and abandoning module GeometryCache (274)
[2017.04.08-11.11.25:580][597]LogModuleManager: Shutting down and abandoning module GeometryCacheEd (273)
[2017.04.08-11.11.25:580][597]LogModuleManager: Shutting down and abandoning module SuperSearchEditor (268)
[2017.04.08-11.11.25:580][597]LogModuleManager: Shutting down and abandoning module SuperSearch (267)
[2017.04.08-11.11.25:580][597]LogModuleManager: Shutting down and abandoning module SpeedTreeImporter (264)
[2017.04.08-11.11.25:580][597]LogModuleManager: Shutting down and abandoning module PluginBrowser (262)
[2017.04.08-11.11.25:580][597]LogModuleManager: Shutting down and abandoning module MobileLauncherProfileWizard (260)
[2017.04.08-11.11.25:588][597]LogModuleManager: Shutting down and abandoning module EpicSurvey (258)
[2017.04.08-11.11.25:588][597]LogModuleManager: Shutting down and abandoning module VisualStudioSourceCodeAccess (256)
[2017.04.08-11.11.25:588][597]LogModuleManager: Shutting down and abandoning module DesktopPlatform (255)
[2017.04.08-11.11.25:588][597]LogModuleManager: Shutting down and abandoning module UObjectPlugin (252)
[2017.04.08-11.11.25:588][597]LogModuleManager: Shutting down and abandoning module SubversionSourceControl (250)
[2017.04.08-11.11.25:592][597]LogModuleManager: Shutting down and abandoning module PerforceSourceControl (248)
[2017.04.08-11.11.25:603][597]LogModuleManager: Shutting down and abandoning module GitSourceControl (246)
[2017.04.08-11.11.25:632][597]LogModuleManager: Shutting down and abandoning module SourceControl (245)
[2017.04.08-11.11.25:642][597]LogModuleManager: Shutting down and abandoning module LightPropagationVolumeEditor (242)
[2017.04.08-11.11.25:642][597]LogModuleManager: Shutting down and abandoning module PaperTiledImporter (240)
[2017.04.08-11.11.25:642][597]LogModuleManager: Shutting down and abandoning module PaperSpriteSheetImporter (238)
[2017.04.08-11.11.25:642][597]LogModuleManager: Shutting down and abandoning module Paper2DEditor (236)
[2017.04.08-11.11.25:659][597]LogModuleManager: Shutting down and abandoning module MeshPaint (235)
[2017.04.08-11.11.25:663][597]LogModuleManager: Shutting down and abandoning module LevelEditor (233)
[2017.04.08-11.11.25:670][597]LogModuleManager: Shutting down and abandoning module PixelInspectorModule (232)
[2017.04.08-11.11.25:681][597]LogModuleManager: Shutting down and abandoning module MainFrame (230)
[2017.04.08-11.11.25:681][597]LogModuleManager: Shutting down and abandoning module HotReload (229)
[2017.04.08-11.11.25:689][597]LogModuleManager: Shutting down and abandoning module ContentBrowser (225)
[2017.04.08-11.11.25:695][597]LogModuleManager: Shutting down and abandoning module PhysXVehiclesEditor (222)
[2017.04.08-11.11.25:700][597]LogModuleManager: Shutting down and abandoning module PhysXVehicles (220)
[2017.04.08-11.11.25:700][597]LogModuleManager: Shutting down and abandoning module LocationServicesBPLibrary (218)
[2017.04.08-11.11.25:700][597]LogModuleManager: Shutting down and abandoning module UdpMessaging (216)
[2017.04.08-11.11.25:801][597]LogModuleManager: Shutting down and abandoning module TcpMessaging (214)
[2017.04.08-11.11.25:941][597]LogModuleManager: Shutting down and abandoning module GameplayTagsEditor (212)
[2017.04.08-11.11.25:958][597]LogModuleManager: Shutting down and abandoning module FacialAnimationEditor (210)
[2017.04.08-11.11.25:964][597]LogModuleManager: Shutting down and abandoning module FacialAnimation (208)
[2017.04.08-11.11.25:964][597]LogModuleManager: Shutting down and abandoning module LightPropagationVolumeRuntime (206)
[2017.04.08-11.11.25:964][597]LogModuleManager: Shutting down and abandoning module Paper2D (204)
[2017.04.08-11.11.25:968][597]LogModuleManager: Shutting down and abandoning module WindowsMoviePlayer (202)
[2017.04.08-11.11.25:968][597]LogModuleManager: Shutting down and abandoning module WmfMedia (200)
[2017.04.08-11.11.25:968][597]LogModuleManager: Shutting down and abandoning module MfMedia (198)
[2017.04.08-11.11.25:968][597]LogModuleManager: Shutting down and abandoning module MediaAssets (196)
[2017.04.08-11.11.25:968][597]LogModuleManager: Shutting down and abandoning module GameLiveStreaming (194)
[2017.04.08-11.11.25:977][597]LogModuleManager: Shutting down and abandoning module VREditor (192)
[2017.04.08-11.11.25:978][597]LogModuleManager: Shutting down and abandoning module GameplayTasksEditor (190)
[2017.04.08-11.11.25:978][597]LogModuleManager: Shutting down and abandoning module BehaviorTreeEditor (188)
[2017.04.08-11.11.25:997][597]LogModuleManager: Shutting down and abandoning module FunctionalTesting (186)
[2017.04.08-11.11.26:005][597]LogModuleManager: Shutting down and abandoning module CollisionAnalyzer (184)
[2017.04.08-11.11.26:010][597]LogModuleManager: Shutting down and abandoning module UMG (182)
[2017.04.08-11.11.26:020][597]LogModuleManager: Shutting down and abandoning module UMGEditor (181)
[2017.04.08-11.11.26:057][597]LogModuleManager: Shutting down and abandoning module Sequencer (180)
[2017.04.08-11.11.26:071][597]LogModuleManager: Shutting down and abandoning module AssetTools (178)
[2017.04.08-11.11.26:086][597]LogModuleManager: Shutting down and abandoning module MessageLog (177)
[2017.04.08-11.11.26:093][597]LogModuleManager: Shutting down and abandoning module WorkspaceMenuStructure (176)
[2017.04.08-11.11.26:093][597]LogModuleManager: Shutting down and abandoning module SlateReflector (170)
[2017.04.08-11.11.26:113][597]LogModuleManager: Shutting down and abandoning module Slate (168)
[2017.04.08-11.11.26:113][597]LogModuleManager: Shutting down and abandoning module EditorStyle (166)
[2017.04.08-11.11.26:116][597]LogModuleManager: Shutting down and abandoning module SourceCodeAccess (164)
[2017.04.08-11.11.26:123][597]LogModuleManager: Shutting down and abandoning module HeadMountedDisplay (162)
[2017.04.08-11.11.26:123][597]LogModuleManager: Shutting down and abandoning module XAudio2 (160)
[2017.04.08-11.11.26:123][597]LogModuleManager: Shutting down and abandoning module Networking (158)
[2017.04.08-11.11.26:123][597]LogModuleManager: Shutting down and abandoning module Core (154)
[2017.04.08-11.11.26:123][597]LogModuleManager: Shutting down and abandoning module AssetRegistry (152)
[2017.04.08-11.11.26:203][597]LogDirectoryWatcher: A directory notification for '../../../Engine/Content/' was aborted.
[2017.04.08-11.11.26:203][597]LogDirectoryWatcher: A directory notification for '../../../../../../GGGGIIIIIITTTTTT/CivGame/CIVGAME/Content/' was aborted.
[2017.04.08-11.11.26:203][597]LogDirectoryWatcher: A directory notification for '../../../Engine/Plugins/2D/Paper2D/Content/' was aborted.
[2017.04.08-11.11.26:207][597]LogModuleManager: Shutting down and abandoning module DirectoryWatcher (151)
[2017.04.08-11.11.26:208][597]LogModuleManager: Shutting down and abandoning module KismetCompiler (148)
[2017.04.08-11.11.26:208][597]LogModuleManager: Shutting down and abandoning module PhysXFormats (146)
[2017.04.08-11.11.26:208][597]LogModuleManager: Shutting down and abandoning module MeshUtilities (144)
[2017.04.08-11.11.26:235][597]LogModuleManager: Shutting down and abandoning module SimplygonSwarm (143)
[2017.04.08-11.11.26:244][597]LogModuleManager: Shutting down and abandoning module SimplygonMeshReduction (141)
[2017.04.08-11.11.26:244][597]LogModuleManager: Shutting down and abandoning module QuadricMeshReduction (139)
[2017.04.08-11.11.26:244][597]LogModuleManager: Shutting down and abandoning module PropertyEditor (137)
[2017.04.08-11.11.26:244][597]LogModuleManager: Shutting down and abandoning module DerivedDataCache (134)
[2017.04.08-11.11.26:315][597]LogDerivedDataCache: Shutdown
[2017.04.08-11.11.26:315][597]LogModuleManager: Shutting down and abandoning module TargetPlatform (132)
[2017.04.08-11.11.26:315][597]LogModuleManager: Shutting down and abandoning module VulkanShaderFormat (131)
[2017.04.08-11.11.26:325][597]LogModuleManager: Shutting down and abandoning module ShaderFormatOpenGL (129)
[2017.04.08-11.11.26:369][597]LogModuleManager: Shutting down and abandoning module ShaderFormatD3D (127)
[2017.04.08-11.11.26:369][597]LogModuleManager: Shutting down and abandoning module MetalShaderFormat (125)
[2017.04.08-11.11.26:400][597]LogModuleManager: Shutting down and abandoning module TextureFormatUncompressed (123)
[2017.04.08-11.11.26:400][597]LogModuleManager: Shutting down and abandoning module TextureFormatPVR (121)
[2017.04.08-11.11.26:400][597]LogModuleManager: Shutting down and abandoning module TextureFormatDXT (119)
[2017.04.08-11.11.26:400][597]LogModuleManager: Shutting down and abandoning module TextureFormatIntelISPCTexComp (117)
[2017.04.08-11.11.26:409][597]LogModuleManager: Shutting down and abandoning module TextureFormatASTC (115)
[2017.04.08-11.11.26:409][597]LogModuleManager: Shutting down and abandoning module ImageWrapper (114)
[2017.04.08-11.11.26:409][597]LogModuleManager: Shutting down and abandoning module TextureFormatAndroid (111)
[2017.04.08-11.11.26:409][597]LogModuleManager: Shutting down and abandoning module AudioFormatOpus (109)
[2017.04.08-11.11.26:444][597]LogModuleManager: Shutting down and abandoning module AudioFormatOgg (107)
[2017.04.08-11.11.26:444][597]LogModuleManager: Shutting down and abandoning module AudioFormatADPCM (105)
[2017.04.08-11.11.26:444][597]LogModuleManager: Shutting down and abandoning module LinuxTargetPlatform (103)
[2017.04.08-11.11.26:444][597]LogModuleManager: Shutting down and abandoning module LinuxServerTargetPlatform (101)
[2017.04.08-11.11.26:444][597]LogModuleManager: Shutting down and abandoning module LinuxNoEditorTargetPlatform (99)
[2017.04.08-11.11.26:444][597]LogModuleManager: Shutting down and abandoning module LinuxClientTargetPlatform (97)
[2017.04.08-11.11.26:444][597]LogModuleManager: Shutting down and abandoning module TVOSTargetPlatform (95)
[2017.04.08-11.11.26:444][597]LogModuleManager: Shutting down and abandoning module Messaging (93)
[2017.04.08-11.11.26:444][597]LogModuleManager: Shutting down and abandoning module IOSTargetPlatform (91)
[2017.04.08-11.11.26:444][597]LogModuleManager: Shutting down and abandoning module HTML5TargetPlatform (89)
[2017.04.08-11.11.26:444][597]LogModuleManager: Shutting down and abandoning module Android_PVRTCTargetPlatform (87)
[2017.04.08-11.11.26:444][597]LogModuleManager: Shutting down and abandoning module Android_MultiTargetPlatform (85)
[2017.04.08-11.11.26:444][597]LogModuleManager: Shutting down and abandoning module Android_ETC2TargetPlatform (83)
[2017.04.08-11.11.26:444][597]LogModuleManager: Shutting down and abandoning module Android_ETC1TargetPlatform (81)
[2017.04.08-11.11.26:444][597]LogModuleManager: Shutting down and abandoning module Android_DXTTargetPlatform (79)
[2017.04.08-11.11.26:444][597]LogModuleManager: Shutting down and abandoning module Android_ATCTargetPlatform (77)
[2017.04.08-11.11.26:444][597]LogModuleManager: Shutting down and abandoning module Android_ASTCTargetPlatform (75)
[2017.04.08-11.11.26:444][597]LogModuleManager: Shutting down and abandoning module AndroidTargetPlatform (73)
[2017.04.08-11.11.26:444][597]LogModuleManager: Shutting down and abandoning module WindowsTargetPlatform (71)
[2017.04.08-11.11.26:444][597]LogModuleManager: Shutting down and abandoning module WindowsServerTargetPlatform (69)
[2017.04.08-11.11.26:444][597]LogModuleManager: Shutting down and abandoning module WindowsNoEditorTargetPlatform (67)
[2017.04.08-11.11.26:444][597]LogModuleManager: Shutting down and abandoning module WindowsClientTargetPlatform (65)
[2017.04.08-11.11.26:444][597]LogModuleManager: Shutting down and abandoning module MacTargetPlatform (63)
[2017.04.08-11.11.26:444][597]LogModuleManager: Shutting down and abandoning module MacServerTargetPlatform (61)
[2017.04.08-11.11.26:444][597]LogModuleManager: Shutting down and abandoning module MacNoEditorTargetPlatform (59)
[2017.04.08-11.11.26:444][597]LogModuleManager: Shutting down and abandoning module MacClientTargetPlatform (57)
[2017.04.08-11.11.26:444][597]LogModuleManager: Shutting down and abandoning module AllDesktopTargetPlatform (55)
[2017.04.08-11.11.26:444][597]LogModuleManager: Shutting down and abandoning module InputCore (52)
[2017.04.08-11.11.26:444][597]LogModuleManager: Shutting down and abandoning module Settings (50)
[2017.04.08-11.11.26:445][597]LogModuleManager: Shutting down and abandoning module OculusRift (48)
[2017.04.08-11.11.26:465][597]LogHMD: Oculus shutdown.
[2017.04.08-11.11.26:465][597]LogModuleManager: Shutting down and abandoning module GearVR (46)
[2017.04.08-11.11.26:465][597]LogModuleManager: Shutting down and abandoning module ExampleDeviceProfileSelector (44)
[2017.04.08-11.11.26:465][597]LogModuleManager: Shutting down and abandoning module OnlineBlueprintSupport (42)
[2017.04.08-11.11.26:465][597]LogModuleManager: Shutting down and abandoning module OnlineSubsystem (38)
[2017.04.08-11.11.26:465][597]LogOnline:Display: Unloading online subsystem: NULL
[2017.04.08-11.11.26:500][597]LogModuleManager: Shutting down and abandoning module XMPP (37)
[2017.04.08-11.11.26:526][597]LogModuleManager: Shutting down and abandoning module HTTP (35)
[2017.04.08-11.11.26:548][597]LogHttp:Display: Http module shutting down, but needs to wait on 1 outstanding Http requests:
[2017.04.08-11.11.26:548][597]LogHttp:Display: 	verb=[POST] url=[https://datarouter.ol.epicgames.com/datarouter/api/v1/public/data?SessionID=%7BFAC7D243-4919-1822-D430-9685A679AD53%7D&AppID=UEEditor.Rocket.Release&AppVersion=4.15.1-3348071%2B%2B%2BUE4%2BRelease-4.15&UserID=a483da2d4fb89f4a2ddae281c3e89937%7C1475575a18e14080ac0ee1b5b0c163b7%7Cd7277f1c-046d-4f6a-97e4-5e4f1c368f9a&AppEnvironment=datacollector-binary&UploadType=eteventstream] status=Processing
[2017.04.08-11.11.26:578][597]LogModuleManager: Shutting down and abandoning module SSL (34)
[2017.04.08-11.11.26:609][597]LogModuleManager: Shutting down and abandoning module AudioEditor (30)
[2017.04.08-11.11.26:632][597]LogModuleManager: Shutting down and abandoning module TextureCompressor (28)
[2017.04.08-11.11.26:640][597]LogModuleManager: Shutting down and abandoning module ShaderCore (26)
[2017.04.08-11.11.26:640][597]LogModuleManager: Shutting down and abandoning module Landscape (24)
[2017.04.08-11.11.26:640][597]LogModuleManager: Shutting down and abandoning module SlateRHIRenderer (22)
[2017.04.08-11.11.26:682][597]LogModuleManager: Shutting down and abandoning module OpenGLDrv (20)
[2017.04.08-11.11.26:703][597]LogModuleManager: Shutting down and abandoning module D3D11RHI (18)
[2017.04.08-11.11.26:703][597]LogModuleManager: Shutting down and abandoning module AnimGraphRuntime (16)
[2017.04.08-11.11.26:726][597]LogModuleManager: Shutting down and abandoning module Renderer (14)
[2017.04.08-11.11.26:726][597]LogModuleManager: Shutting down and abandoning module Engine (12)
[2017.04.08-11.11.26:726][597]LogModuleManager: Shutting down and abandoning module CoreUObject (10)
[2017.04.08-11.11.26:726][597]LogModuleManager: Shutting down and abandoning module NetworkFile (8)
[2017.04.08-11.11.26:726][597]LogModuleManager: Shutting down and abandoning module StreamingFile (6)
[2017.04.08-11.11.26:726][597]LogModuleManager: Shutting down and abandoning module SandboxFile (4)
[2017.04.08-11.11.26:726][597]LogModuleManager: Shutting down and abandoning module PakFile (2)
[2017.04.08-11.11.26:779][597]LogExit: Exiting.
[2017.04.08-11.11.26:782][597]Log file closed, 04/08/17 20:11:26
