Log file open, 04/08/17 16:00:45
LogInit:Display: Running engine for game: CIVGAME
LogPlatformFile: Not using cached read wrapper
LogInit:Display: RandInit(-2099288826) SRandInit(-2099288826).
LogTaskGraph: Started task graph with 5 named threads and 8 total threads with 1 sets of task threads.
LogStats: Stats thread started at 0.663940
LogInit: Using libcurl 7.47.1
LogInit:  - built for x86_64-pc-win32
LogInit:  - supports SSL with OpenSSL/1.0.2g
LogInit:  - supports HTTP deflate (compression) using libz 1.2.8
LogInit:  - other features:
LogInit:      CURL_VERSION_SSL
LogInit:      CURL_VERSION_LIBZ
LogInit:      CURL_VERSION_IPV6
LogInit:      CURL_VERSION_ASYNCHDNS
LogInit:      CURL_VERSION_LARGEFILE
LogInit:      CURL_VERSION_IDN
LogInit:  CurlRequestOptions (configurable via config and command line):
LogInit:  - bVerifyPeer = false  - Libcurl will NOT verify peer certificate
LogInit:  - bUseHttpProxy = false  - Libcurl will NOT use HTTP proxy
LogInit:  - bDontReuseConnections = false  - Libcurl will reuse connections
LogInit:  - CertBundlePath = nullptr  - Libcurl will use whatever was configured at build time.
OCULUS: Info: [CAPI] LibOVR module is located at C:\Program Files\Oculus\Support\oculus-runtime\LibOVRRT64_1.dll
OCULUS: Debug: Connected to the server running version (prod = 1).1.13.0(build = 361842) feature version = 0. Client runs version (prod = 1).1.13.0(build = 361842) feature version = 0
LogHMD: GearVR: Emulating GearVR using Oculus Rift!
LogInit: Build: ++UE4+Release-4.15-CL-3348071
LogInit: Engine Version: 4.15.1-3348071+++UE4+Release-4.15
LogInit: Compatible Engine Version: 4.15.0-3299760+++UE4+Release-4.15
LogInit: Net CL: 3299760
LogDevObjectVersion: Number of dev versions registered: 14
LogDevObjectVersion:   Dev-Blueprints (B0D832E4-1F89-4F0D-ACCF-7EB736FD4AA2): 8
LogDevObjectVersion:   Dev-Build (E1C64328-A22C-4D53-A36C-8E866417BD8C): 0
LogDevObjectVersion:   Dev-Core (375EC13C-06E4-48FB-B500-84F0262A717E): 2
LogDevObjectVersion:   Dev-Editor (E4B068ED-F494-42E9-A231-DA0B2E46BB41): 14
LogDevObjectVersion:   Dev-Framework (CFFC743F-43B0-4480-9391-14DF171D2073): 22
LogDevObjectVersion:   Dev-Mobile (B02B49B5-BB20-44E9-A304-32B752E40360): 0
LogDevObjectVersion:   Dev-Networking (A4E4105C-59A1-49B5-A7C5-40C4547EDFEE): 0
LogDevObjectVersion:   Dev-Online (39C831C9-5AE6-47DC-9A44-9C173E1C8E7C): 0
LogDevObjectVersion:   Dev-Physics (78F01B33-EBEA-4F98-B9B4-84EACCB95AA2): 0
LogDevObjectVersion:   Dev-Platform (6631380F-2D4D-43E0-8009-CF276956A95A): 0
LogDevObjectVersion:   Dev-Rendering (12F88B9F-8875-4AFC-A67C-D90C383ABD29): 12
LogDevObjectVersion:   Dev-Sequencer (7B5AE74C-D270-4C10-A958-57980B212A5A): 3
LogDevObjectVersion:   Dev-VR (D7296918-1DD6-4BDD-9DE2-64A83CC13884): 0
LogDevObjectVersion:   Dev-LoadTimes (C2A15278-BFE7-4AFE-6C17-90FF531DF755): 1
LogInit: Compiled (64-bit): Mar 15 2017 16:52:47
LogInit: Compiled with Visual C++: 19.00.23026.00
LogInit: Build Configuration: Development
LogInit: Branch Name: ++UE4+Release-4.15
LogInit: Command line:  
LogInit: Base directory: C:/Program Files/Epic Games/UE_4.15/Engine/Binaries/Win64/
LogInit: Installed Engine Build: 1
LogInit: Presizing for max 8388607 objects, including 0 objects not considered by GC, pre-allocating 0 bytes for permanent pool.
LogInit: Object subsystem initialized
[2017.04.08-07.00.47:418][  0]LogInit: Selected Device Profile: [Windows]
[2017.04.08-07.00.47:418][  0]LogInit: Applying CVar settings loaded from the selected device profile: [Windows]
[2017.04.08-07.00.47:619][  0]LogInit: Computer: DESKTOP-9TH7LOT
[2017.04.08-07.00.47:619][  0]LogInit: User: huozi
[2017.04.08-07.00.47:619][  0]LogInit: CPU Page size=65536, Cores=4
[2017.04.08-07.00.47:619][  0]LogInit: High frequency timer resolution =2.648437 MHz
[2017.04.08-07.00.47:619][  0]LogMemory: Memory total: Physical=8.0GB (8GB approx)
[2017.04.08-07.00.47:619][  0]LogMemory: Platform Memory Stats for Windows
[2017.04.08-07.00.47:619][  0]LogMemory: Process Physical Memory: 267.99 MB used, 267.99 MB peak
[2017.04.08-07.00.47:619][  0]LogMemory: Process Virtual Memory: 265.80 MB used, 265.80 MB peak
[2017.04.08-07.00.47:619][  0]LogMemory: Physical Memory: 4182.12 MB used,  3961.17 MB free, 8143.29 MB total
[2017.04.08-07.00.47:619][  0]LogMemory: Virtual Memory: 681.51 MB used,  3961.17 MB free, 134217728.00 MB total
[2017.04.08-07.00.50:483][  0]LogInit: Overriding culture en with editor configuration.
[2017.04.08-07.01.12:762][  0]LogD3D11RHI: D3D11 adapters:
[2017.04.08-07.01.12:998][  0]LogD3D11RHI:    0. 'NVIDIA GeForce GTX 1050 Ti' (Feature Level 11_0)
[2017.04.08-07.01.12:998][  0]LogD3D11RHI:       4059/0/4071 MB DedicatedVideo/DedicatedSystem/SharedSystem, Outputs:1, VendorId:0x10de
[2017.04.08-07.01.12:999][  0]LogD3D11RHI:    1. 'Microsoft Basic Render Driver' (Feature Level 11_0)
[2017.04.08-07.01.12:999][  0]LogD3D11RHI:       0/0/4071 MB DedicatedVideo/DedicatedSystem/SharedSystem, Outputs:0, VendorId:0x1414
[2017.04.08-07.01.12:999][  0]LogD3D11RHI: Chosen D3D11 Adapter: 0
[2017.04.08-07.01.13:182][  0]LogD3D11RHI: Creating new Direct3DDevice
[2017.04.08-07.01.13:182][  0]LogD3D11RHI:     GPU DeviceId: 0x1c82 (for the marketing name, search the web for "GPU Device Id")
[2017.04.08-07.01.13:182][  0]LogWindows: EnumDisplayDevices:
[2017.04.08-07.01.13:182][  0]LogWindows:    0. 'NVIDIA GeForce GTX 1050 Ti' (P:1 D:1)
[2017.04.08-07.01.13:183][  0]LogWindows:    1. 'NVIDIA GeForce GTX 1050 Ti' (P:0 D:0)
[2017.04.08-07.01.13:183][  0]LogWindows:    2. 'NVIDIA GeForce GTX 1050 Ti' (P:0 D:0)
[2017.04.08-07.01.13:184][  0]LogWindows:    3. 'NVIDIA GeForce GTX 1050 Ti' (P:0 D:0)
[2017.04.08-07.01.13:184][  0]LogWindows: DebugString: FoundDriverCount:4 
[2017.04.08-07.01.13:184][  0]LogD3D11RHI:     Adapter Name: NVIDIA GeForce GTX 1050 Ti
[2017.04.08-07.01.13:184][  0]LogD3D11RHI:   Driver Version: 376.53 (internal:21.21.13.7653, unified:376.53)
[2017.04.08-07.01.13:184][  0]LogD3D11RHI:      Driver Date: 12-29-2016
[2017.04.08-07.01.13:184][  0]LogRHI: Texture pool is 1361 MB (70% of 1945 MB)
[2017.04.08-07.01.13:313][  0]LogD3D11RHI: Async texture creation enabled
[2017.04.08-07.01.14:746][  0]LogD3D11RHI: GPU Timing Frequency: 1000.000000 (Debug: 2 9)
[2017.04.08-07.01.15:121][  0]LogShaderCompilers: Guid format shader working directory is -4 characters bigger than the processId version (../../../../../../GGGGIIIIIITTTTTT/CivGame/CIVGAME/Intermediate/Shaders/WorkingDirectory/4300/).
[2017.04.08-07.01.15:121][  0]LogShaderCompilers: Cleaned the shader compiler working directory 'C:/Users/huozi/AppData/Local/Temp/UnrealShaderWorkingDir/BCDEF52D47F619ACE302D4ACF2AE1348/'.
[2017.04.08-07.01.15:121][  0]LogShaderCompilers:Display: Using Local Shader Compiler.
[2017.04.08-07.01.31:245][  0]LogTemp:Display: Loaded TP AllDesktopTargetPlatform
[2017.04.08-07.01.31:324][  0]LogTemp:Display: Loaded TP MacClientTargetPlatform
[2017.04.08-07.01.31:395][  0]LogTemp:Display: Loaded TP MacNoEditorTargetPlatform
[2017.04.08-07.01.31:467][  0]LogTemp:Display: Loaded TP MacServerTargetPlatform
[2017.04.08-07.01.32:203][  0]LogTemp:Display: Loaded TP MacTargetPlatform
[2017.04.08-07.01.32:286][  0]LogTemp:Display: Loaded TP WindowsClientTargetPlatform
[2017.04.08-07.01.32:370][  0]LogTemp:Display: Loaded TP WindowsNoEditorTargetPlatform
[2017.04.08-07.01.32:445][  0]LogTemp:Display: Loaded TP WindowsServerTargetPlatform
[2017.04.08-07.01.32:531][  0]LogTemp:Display: Loaded TP WindowsTargetPlatform
[2017.04.08-07.01.32:619][  0]LogTemp:Display: Loaded TP AndroidTargetPlatform
[2017.04.08-07.01.32:717][  0]LogTemp:Display: Loaded TP Android_ASTCTargetPlatform
[2017.04.08-07.01.32:789][  0]LogTemp:Display: Loaded TP Android_ATCTargetPlatform
[2017.04.08-07.01.32:866][  0]LogTemp:Display: Loaded TP Android_DXTTargetPlatform
[2017.04.08-07.01.32:937][  0]LogTemp:Display: Loaded TP Android_ETC1TargetPlatform
[2017.04.08-07.01.33:008][  0]LogTemp:Display: Loaded TP Android_ETC2TargetPlatform
[2017.04.08-07.01.34:071][  0]LogTemp:Display: Loaded TP Android_MultiTargetPlatform
[2017.04.08-07.01.34:071][  0]LogTemp:Display: Loaded TP Android_PVRTCTargetPlatform
[2017.04.08-07.01.34:125][  0]LogTemp:Display: Loaded TP HTML5TargetPlatform
[2017.04.08-07.01.34:792][  0]LogTemp:Display: Loaded TP IOSTargetPlatform
[2017.04.08-07.01.34:837][  0]LogTemp:Display: Loaded TP TVOSTargetPlatform
[2017.04.08-07.01.34:905][  0]LogTemp:Display: Loaded TP LinuxClientTargetPlatform
[2017.04.08-07.01.34:971][  0]LogTemp:Display: Loaded TP LinuxNoEditorTargetPlatform
[2017.04.08-07.01.35:038][  0]LogTemp:Display: Loaded TP LinuxServerTargetPlatform
[2017.04.08-07.01.35:484][  0]LogTemp:Display: Loaded TP LinuxTargetPlatform
[2017.04.08-07.01.35:484][  0]LogTargetPlatformManager:Display: Building Assets For Windows
[2017.04.08-07.01.39:145][  0]LogDerivedDataCache:Display: Max Cache Size: 512 MB
[2017.04.08-07.01.40:836][  0]LogDerivedDataCache: Loaded boot cache 1.65s 50MB C:/Users/huozi/AppData/Local/UnrealEngine/4.15/DerivedDataCache/Boot.ddc.
[2017.04.08-07.01.40:836][  0]LogDerivedDataCache:Display: Loaded Boot cache: C:/Users/huozi/AppData/Local/UnrealEngine/4.15/DerivedDataCache/Boot.ddc
[2017.04.08-07.01.40:836][  0]LogDerivedDataCache: FDerivedDataBackendGraph:  Pak pak cache file ../../../../../../GGGGIIIIIITTTTTT/CivGame/CIVGAME/DerivedDataCache/DDC.ddp not found, will not use a pak cache.
[2017.04.08-07.01.40:836][  0]LogDerivedDataCache: Unable to find inner node Pak for hierarchical cache Hierarchy.
[2017.04.08-07.01.40:836][  0]LogDerivedDataCache: FDerivedDataBackendGraph:  CompressedPak pak cache file ../../../../../../GGGGIIIIIITTTTTT/CivGame/CIVGAME/DerivedDataCache/Compressed.ddp not found, will not use a pak cache.
[2017.04.08-07.01.40:836][  0]LogDerivedDataCache: Unable to find inner node CompressedPak for hierarchical cache Hierarchy.
[2017.04.08-07.01.40:904][  0]LogDerivedDataCache:Display: Pak cache opened for reading ../../../Engine/DerivedDataCache/Compressed.ddp.
[2017.04.08-07.01.40:934][  0]LogDerivedDataCache: Using Local data cache path C:/Users/huozi/AppData/Local/UnrealEngine/Common/DerivedDataCache: Writable
[2017.04.08-07.01.41:370][  0]LogSlate: Using Freetype 2.6.0
[2017.04.08-07.01.42:510][  0]LogSlate: SlateFontCache - WITH_FREETYPE: 1, WITH_HARFBUZZ: 1
[2017.04.08-07.01.42:510][  0]LogSlate: SlateFontCache - WITH_FREETYPE: 1, WITH_HARFBUZZ: 1
[2017.04.08-07.02.09:468][  0]LogInit: Selected Device Profile: [Windows]
[2017.04.08-07.02.09:799][  0]LogContentStreaming: Texture pool size is 0.00 MB
[2017.04.08-07.02.11:924][  0]LogMeshUtilities: Using QuadricMeshReduction for automatic static mesh reduction
[2017.04.08-07.02.12:035][  0]LogSimplygon: Simplygon DLL not present - disabling.
[2017.04.08-07.02.12:178][  0]LogMeshUtilities: Using SimplygonSwarm for distributed automatic mesh merging
[2017.04.08-07.02.12:178][  0]LogMeshUtilities: No automatic skeletal mesh reduction module available
[2017.04.08-07.02.12:178][  0]LogMeshUtilities: No automatic mesh merging module available
[2017.04.08-07.02.28:068][  0]LogNetVersion: GetLocalNetworkVersion: CL: 3299760, ProjectName: civgame, ProjectVersion: , EngineNetworkVersion: 2, GameNetworkVersion: 0, NetworkChecksum: 1271664557
[2017.04.08-07.02.28:433][  0]LogAssetRegistry: FAssetRegistry took 0.0234 seconds to start up
[2017.04.08-07.02.28:780][  0]LogPackageLocalizationCache: Processed 3 localized package path(s) for 1 prioritized culture(s) in 0.188114 seconds
[2017.04.08-07.02.28:818][  0]LogUObjectArray: 32493 objects as part of root set at end of initial load.
[2017.04.08-07.02.28:818][  0]LogUObjectAllocator: 7077032 out of 0 bytes used by permanent object pool.
[2017.04.08-07.02.28:818][  0]LogUObjectArray: CloseDisregardForGC: 0/0 objects in disregard for GC pool
[2017.04.08-07.02.28:964][  0]LogInit: WinSock: version 1.1 (2.2), MaxSocks=32767, MaxUdp=65467
[2017.04.08-07.03.08:655][  0]LogTcpMessaging: Initializing TcpMessaging bridge
[2017.04.08-07.03.08:748][  0]LogUdpMessaging: Initializing bridge on interface 0.0.0.0:0 to multicast group 230.0.0.1:6666.
[2017.04.08-07.03.10:849][  0]LogMaterial: Uniform references updated for custom material expression Custom.
[2017.04.08-07.03.12:366][  0]SourceControl: Info Source control is disabled
[2017.04.08-07.03.12:412][  0]SourceControl: Info Source control is disabled
[2017.04.08-07.03.12:657][  0]SourceControl: Info Source control is disabled
[2017.04.08-07.03.12:751][  0]SourceControl: Info Source control is disabled
[2017.04.08-07.03.16:319][  0]LogEngine: Initializing Engine...
[2017.04.08-07.03.16:363][  0]LogHMD: Oculus plugin initialized. Version: 4.15.1-3348071+++UE4+Release-4.15, LibOVR: 1.13.0, SDK: 1.10.0, built Mar 15 2017, 16:59:09
[2017.04.08-07.03.17:942][  0]LogAIModule: Creating AISystem for world Untitled
[2017.04.08-07.03.18:152][  0]LogInit: XAudio2 using '扬声器 (2- High Definition Audio 设备)' : 2 channels at 44.1 kHz using 16 bits per sample (channel mask 0x3)
[2017.04.08-07.03.18:209][  0]LogInit: FAudioDevice initialized.
[2017.04.08-07.03.18:241][  0]LogDerivedDataCache: Saved boot cache 0.03s 50MB C:/Users/huozi/AppData/Local/UnrealEngine/4.15/DerivedDataCache/Boot.ddc.
[2017.04.08-07.03.18:270][  0]LogInit: Texture streaming: Enabled
[2017.04.08-07.03.18:679][  0]LogEngineSessionManager: EngineSessionManager initialized
[2017.04.08-07.03.21:221][  0]LogInit: Transaction tracking system initialized
[2017.04.08-07.03.22:109][  0]BlueprintLog: New page: Editor Load
[2017.04.08-07.03.24:363][  0]LocalizationService: Info Localization service is disabled
[2017.04.08-07.03.26:160][  0]LogConsoleResponse:Display: 
[2017.04.08-07.03.29:177][  0]LogFileCache: Scanning file cache for directory 'C:/GGGGIIIIIITTTTTT/CivGame/CIVGAME/Content/' took 0.04s
[2017.04.08-07.03.29:177][  0]LogCook:Display: Max memory allowance for cook 16384mb min free memory 0mb
[2017.04.08-07.03.29:177][  0]LogCook:Display: Mobile HDR setting 1
[2017.04.08-07.03.32:903][  0]SourceControl: Info Source control is disabled
[2017.04.08-07.03.32:941][  0]Cmd: MAP LOAD FILE="../../../../../../GGGGIIIIIITTTTTT/CivGame/CIVGAME/Content/Maps/TestRoom.umap" TEMPLATE=0 SHOWPROGRESS=1 FEATURELEVEL=3
[2017.04.08-07.03.32:960][  0]LightingResults: New page: Lighting Build
[2017.04.08-07.03.33:343][  0]MapCheck: New page: Map Check
[2017.04.08-07.03.33:343][  0]LightingResults: New page: Lighting Build
[2017.04.08-07.03.36:465][  0]LogAIModule: Creating AISystem for world TestRoom
[2017.04.08-07.03.37:339][  0]LogEditorServer: Finished looking for orphan Actors (0.000 secs)
[2017.04.08-07.03.37:382][  0]Cmd: MAP CHECKDEP NOCLEARLOG
[2017.04.08-07.03.37:461][  0]MapCheck: Info Map check complete: 0 Error(s), 0 Warning(s), took 78.16ms to complete.
[2017.04.08-07.03.37:461][  0]LogFileHelpers: Loading map 'TestRoom' took 4.538
[2017.04.08-07.03.39:205][  0]LogCollectionManager: Loaded 0 collections in 0.002767 seconds
[2017.04.08-07.03.39:347][  0]LogFileCache: Scanning file cache for directory 'C:/GGGGIIIIIITTTTTT/CivGame/CIVGAME/Saved/Collections/' took 0.01s
[2017.04.08-07.03.39:347][  0]LogFileCache: Scanning file cache for directory 'C:/GGGGIIIIIITTTTTT/CivGame/CIVGAME/Content/Developers/huozi/Collections/' took 0.01s
[2017.04.08-07.03.39:347][  0]LogFileCache: Scanning file cache for directory 'C:/GGGGIIIIIITTTTTT/CivGame/CIVGAME/Content/Collections/' took 0.01s
[2017.04.08-07.03.39:347][  0]LogCollectionManager: Rebuilt the GUID cache for 0 collections in 0.000002 seconds
[2017.04.08-07.03.39:372][  0]LogContentBrowser: Native class hierarchy populated in 0.0098 seconds. Added 2245 classes and 453 folders.
[2017.04.08-07.03.39:436][  0]LogStats: UGameplayTagsManager::ConstructGameplayTagTree: Construct from data asset -  0.000 s
[2017.04.08-07.03.39:436][  0]LogStats: UGameplayTagsManager::ConstructGameplayTagTree: GameplayTagTreeChangedEvent.Broadcast -  0.000 s
[2017.04.08-07.03.39:831][  0]LogContentBrowser: Native class hierarchy updated for 'WidgetCarousel' in 0.0006 seconds. Added 0 classes and 0 folders.
[2017.04.08-07.03.41:783][  0]LogContentBrowser: Native class hierarchy updated for 'AddContentDialog' in 0.0020 seconds. Added 0 classes and 0 folders.
[2017.04.08-07.03.41:940][  0]LogContentBrowser: Native class hierarchy updated for 'SceneOutliner' in 0.0005 seconds. Added 1 classes and 2 folders.
[2017.04.08-07.03.42:864][  0]LogCrashTracker: Crashtracker disabled due to settings.
[2017.04.08-07.03.42:980][  0]LogUObjectGlobals:Warning: Failed to find object 'Class None.'
[2017.04.08-07.03.43:145][  0]LogContentBrowser: Native class hierarchy updated for 'HierarchicalLODOutliner' in 0.0006 seconds. Added 1 classes and 2 folders.
[2017.04.08-07.03.43:146][  0]LogLoad: (Engine Initialization) Total time: 191.30 seconds
[2017.04.08-07.03.43:146][  0]LogLoad: (Engine Initialization) Total Blueprint compile time: 1.04 seconds
[2017.04.08-07.03.43:146][  0]LogExternalProfiler: Found external profiler: VSPerf
[2017.04.08-07.03.43:146][  0]LogExternalProfiler: Using external profiler: VSPerf
[2017.04.08-07.03.43:537][  0]LogOcInput: OculusInput pre-init called
[2017.04.08-07.03.43:566][  0]LogOcInput: OculusInput is initialized. Init status 0. Runtime version: 1.13.0
[2017.04.08-07.03.44:092][  0]LogContentStreaming: Texture pool size now 1000 MB
[2017.04.08-07.03.44:283][  0]LogSlate: Took 0.024825 seconds to synchronously load lazily loaded font '../../../Engine/Content/Slate/Fonts/Roboto-Regular.ttf' (155K)
[2017.04.08-07.03.44:312][  0]LogSlate: Took 0.021011 seconds to synchronously load lazily loaded font '../../../Engine/Content/Slate/Fonts/Roboto-Bold.ttf' (160K)
[2017.04.08-07.03.44:367][  0]LogSlate: Took 0.018063 seconds to synchronously load lazily loaded font '../../../Engine/Content/Editor/Slate/Fonts/FontAwesome.ttf' (139K)
[2017.04.08-07.03.45:438][  0]LogRenderer: Reallocating scene render targets to support 1060x512 NumSamples 1 (Frame:2).
[2017.04.08-07.03.46:327][  1]LogSlate: Took 0.017846 seconds to synchronously load lazily loaded font '../../../Engine/Content/Slate/Fonts/Roboto-Light.ttf' (159K)
[2017.04.08-07.03.46:838][  3]LogAssetRegistry: Asset discovery search completed in 78.4270 seconds
[2017.04.08-07.03.46:838][  3]LogCollectionManager: Rebuilt the object cache for 0 collections in 0.000008 seconds (found 0 objects)
[2017.04.08-07.03.46:854][  3]LogCollectionManager: Fixed up redirectors for 0 collections in 0.000029 seconds (updated 0 objects)
[2017.04.08-07.53.11:527][ 24]LogEditorViewport: Clicking on Actor (context menu): BP_Sky_Sphere_C (BP_Sky_Sphere)
[2017.04.08-07.53.13:277][ 25]LogEditorViewport: Clicking on Actor (context menu): BP_Sky_Sphere_C (BP_Sky_Sphere)
[2017.04.08-07.53.13:970][101]LogEditorViewport: Clicking on Actor (LMB): BP_Sky_Sphere_C (BP_Sky_Sphere)
[2017.04.08-07.53.26:132][306]LogSlate: Took 0.000506 seconds to synchronously load lazily loaded font '../../../Engine/Content/Slate/Fonts/Roboto-Light.ttf' (159K)
[2017.04.08-07.53.27:359][410]LogSlate: Took 0.000181 seconds to synchronously load lazily loaded font '../../../Engine/Content/Slate/Fonts/Roboto-Light.ttf' (159K)
[2017.04.08-07.53.28:453][410]LogSlate: Took 0.000195 seconds to synchronously load lazily loaded font '../../../Engine/Content/Slate/Fonts/Roboto-Regular.ttf' (155K)
[2017.04.08-07.53.28:983][410]LogContentBrowser: Native class hierarchy updated for 'BlueprintGraph' in 0.0017 seconds. Added 112 classes and 0 folders.
[2017.04.08-07.53.31:108][410]LogSlate: Took 0.040835 seconds to synchronously load lazily loaded font '../../../Engine/Content/Editor/Slate/Fonts/Roboto-BoldCondensed.ttf' (158K)
[2017.04.08-07.55.23:513][584]LogSlate: Took 0.018561 seconds to synchronously load lazily loaded font '../../../Engine/Content/Editor/Slate/Fonts/Roboto-Italic.ttf' (157K)
[2017.04.08-07.56.08:050][385]LogRenderer: Reallocating scene render targets to support 1060x784 NumSamples 1 (Frame:44406).
[2017.04.08-07.56.23:181][877]BlueprintLog: New page: Compile TestRoom
[2017.04.08-07.56.34:312][357]LogObjectTools:Warning: ForceReplaceReferences replaced references for a transient object 'MaterialParameterCollectionInstance_2' or package '/Engine/Transient'.
[2017.04.08-07.56.34:313][357]LogObjectTools:Warning: ForceReplaceReferences replaced references for a transient object 'MaterialParameterCollectionInstance_3' or package '/Engine/Transient'.
[2017.04.08-07.56.34:313][357]LogObjectTools:Warning: ForceReplaceReferences replaced references for a transient object 'MaterialParameterCollectionInstance_4' or package '/Engine/Transient'.
[2017.04.08-07.56.34:313][357]LogObjectTools:Warning: ForceReplaceReferences replaced references for a transient object 'MaterialParameterCollectionInstance_5' or package '/Engine/Transient'.
[2017.04.08-07.56.51:232][945]LogMaterial: Missing cached shader map for material TileBlack, compiling. 
[2017.04.08-07.56.51:258][945]LogTemp:Display: Added material ShaderMap 0x0000021056CD6080 with Material 0x0000021013FA1080 to ShaderMapsBeingCompiled
[2017.04.08-07.56.51:315][945]LogTemp:Display: Kicking off shader compilation for TileBlack, GameThreadShaderMap 0x0000021056CD6080
[2017.04.08-07.56.52:041][945]LogMaterial: Missing cached shader map for material TileBlack, compiling. 
[2017.04.08-07.56.52:042][945]LogTemp:Display: Added material ShaderMap 0x000002107D304800 with Material 0x0000021013FA1080 to ShaderMapsBeingCompiled
[2017.04.08-07.56.52:051][945]LogTemp:Display: Kicking off shader compilation for TileBlack, GameThreadShaderMap 0x000002107D304800
[2017.04.08-07.56.52:051][945]LogMaterial: 0.00 seconds spent updating 1 materials, 1 interfaces, 0 instances, 0 with static permutations.
[2017.04.08-07.56.55:762][153]LogTemp:Display: Finished compile of shader map 0x0000021056CD6080
[2017.04.08-07.56.55:762][153]LogTemp:Display: Shader map TileBlack complete, GameThreadShaderMap 0x0000021056CD6080, marking material TileBlack as finished
[2017.04.08-07.56.55:762][153]LogTemp:Display: Marking material as finished 0x0000021013FA1080
[2017.04.08-07.56.58:379][357]LogTemp:Display: Finished compile of shader map 0x000002107D304800
[2017.04.08-07.56.58:379][357]LogTemp:Display: Shader map TileBlack complete, GameThreadShaderMap 0x000002107D304800, marking material TileBlack as finished
[2017.04.08-07.56.58:379][357]LogTemp:Display: Marking material as finished 0x0000021013FA1080
[2017.04.08-07.56.58:404][358]MaterialEditorStats: Info Base pass shader with only dynamic lighting: 80 instructions
[2017.04.08-07.56.58:404][358]MaterialEditorStats: Info Vertex shader: 29 instructions
[2017.04.08-07.56.58:404][358]MaterialEditorStats: Info Texture samplers: 1/16
[2017.04.08-07.57.42:171][574]BlueprintLog: New page: Compile TestRoom
[2017.04.08-07.57.47:344][ 48]LogTemp: Repeting last play command: Selected Viewport
[2017.04.08-07.57.47:370][ 48]LogBlueprintUserMessages: Early PlayInEditor Detection: Level '/Game/Maps/TestRoom.TestRoom:PersistentLevel' has LevelScriptBlueprint '/Game/Maps/TestRoom.TestRoom:PersistentLevel.TestRoom' with GeneratedClass '/Game/Maps/TestRoom.TestRoom_C' with ClassGeneratedBy '/Game/Maps/TestRoom.TestRoom:PersistentLevel.TestRoom'
[2017.04.08-07.57.47:378][ 48]LogPlayLevel: PlayLevel: No blueprints needed recompiling
[2017.04.08-07.57.47:464][ 48]PIE: New page: PIE session: TestRoom (Apr 9, 2017, 1:57:47 AM)
[2017.04.08-07.57.47:494][ 48]LogPlayLevel: Creating play world package: /Game/Maps/UEDPIE_0_TestRoom
[2017.04.08-07.57.47:800][ 48]LogPlayLevel: PIE: StaticDuplicateObject took: (0.305954s)
[2017.04.08-07.57.47:801][ 48]LogAIModule: Creating AISystem for world TestRoom
[2017.04.08-07.57.47:801][ 48]LogPlayLevel: PIE: World Init took: (0.001347s)
[2017.04.08-07.57.47:824][ 48]LogPlayLevel: PIE: Created PIE world by copying editor world from /Game/Maps/TestRoom.TestRoom to /Game/Maps/UEDPIE_0_TestRoom.TestRoom (0.337593s)
[2017.04.08-07.57.48:019][ 48]LogInit: XAudio2 using '扬声器 (2- High Definition Audio 设备)' : 2 channels at 44.1 kHz using 16 bits per sample (channel mask 0x3)
[2017.04.08-07.57.48:037][ 48]LogInit: FAudioDevice initialized.
[2017.04.08-07.57.48:382][ 48]LogLoad: Game class is 'CivGameMode_C'
[2017.04.08-07.57.48:524][ 48]LogWorld: Bringing World /Game/Maps/UEDPIE_0_TestRoom.TestRoom up for play (max tick rate 0) at 2017.04.08-16.57.48
[2017.04.08-07.57.48:775][ 48]LogWorld: Bringing up level for play took: 0.252092
[2017.04.08-07.57.49:248][ 48]LogSpawn:Warning: SpawnActor failed because no class was specified
[2017.04.08-07.57.49:345][ 48]LogContentBrowser: Native class hierarchy updated for 'MovieSceneCapture' in 0.0007 seconds. Added 11 classes and 0 folders.
[2017.04.08-07.57.50:781][ 48]PIE: Info Play in editor start time for /Game/Maps/UEDPIE_0_TestRoom 2.742
[2017.04.08-07.57.50:783][ 48]LogBlueprintUserMessages: Late PlayInEditor Detection: Level '/Game/Maps/TestRoom.TestRoom:PersistentLevel' has LevelScriptBlueprint '/Game/Maps/TestRoom.TestRoom:PersistentLevel.TestRoom' with GeneratedClass '/Game/Maps/TestRoom.TestRoom_C' with ClassGeneratedBy '/Game/Maps/TestRoom.TestRoom:PersistentLevel.TestRoom'
[2017.04.08-07.58.06:690][874]LogEditorViewport: Clicking on Actor (LMB): tile_C (tile1743)
[2017.04.08-07.58.08:268][899]LogEditorViewport: Clicking on Actor (LMB): tile_C (tile6164)
[2017.04.08-07.58.09:277][922]LogEditorViewport: Clicking on Actor (LMB): BP_Sky_Sphere_C (BP_Sky_Sphere)
[2017.04.08-07.58.13:787][ 45]LogEditorViewport: Clicking on Actor (LMB): tile_C (tile5355)
[2017.04.08-07.58.34:348][779]LogBlueprintUserMessages: Early EndPlayMap Detection: Level '/Game/Maps/TestRoom.TestRoom:PersistentLevel' has LevelScriptBlueprint '/Game/Maps/TestRoom.TestRoom:PersistentLevel.TestRoom' with GeneratedClass '/Game/Maps/TestRoom.TestRoom_C' with ClassGeneratedBy '/Game/Maps/TestRoom.TestRoom:PersistentLevel.TestRoom'
[2017.04.08-07.58.35:040][779]LogBlueprintUserMessages: Late EndPlayMap Detection: Level '/Game/Maps/TestRoom.TestRoom:PersistentLevel' has LevelScriptBlueprint '/Game/Maps/TestRoom.TestRoom:PersistentLevel.TestRoom' with GeneratedClass '/Game/Maps/TestRoom.TestRoom_C' with ClassGeneratedBy '/Game/Maps/TestRoom.TestRoom:PersistentLevel.TestRoom'
[2017.04.08-07.58.40:779][390]LogEditorViewport: Clicking on Actor (LMB): BP_Sky_Sphere_C (BP_Sky_Sphere)
[2017.04.08-07.58.41:274][431]LogEditorViewport: Clicking on Actor (LMB): CameraActor (CameraActor)
[2017.04.08-07.58.42:308][477]Cmd: CAMERA ALIGN ACTIVEVIEWPORTONLY
[2017.04.08-07.58.59:228][ 81]Cmd: CAMERA ALIGN ACTIVEVIEWPORTONLY
[2017.04.08-07.59.23:280][398]LogTemp: Repeting last play command: Selected Viewport
[2017.04.08-07.59.23:294][398]LogBlueprintUserMessages: Early PlayInEditor Detection: Level '/Game/Maps/TestRoom.TestRoom:PersistentLevel' has LevelScriptBlueprint '/Game/Maps/TestRoom.TestRoom:PersistentLevel.TestRoom' with GeneratedClass '/Game/Maps/TestRoom.TestRoom_C' with ClassGeneratedBy '/Game/Maps/TestRoom.TestRoom:PersistentLevel.TestRoom'
[2017.04.08-07.59.23:294][398]LogPlayLevel: PlayLevel: No blueprints needed recompiling
[2017.04.08-07.59.23:294][398]PIE: New page: PIE session: TestRoom (Apr 9, 2017, 1:59:23 AM)
[2017.04.08-07.59.23:294][398]LogPlayLevel: Creating play world package: /Game/Maps/UEDPIE_0_TestRoom
[2017.04.08-07.59.23:297][398]LogPlayLevel: PIE: StaticDuplicateObject took: (0.002451s)
[2017.04.08-07.59.23:297][398]LogAIModule: Creating AISystem for world TestRoom
[2017.04.08-07.59.23:298][398]LogPlayLevel: PIE: World Init took: (0.000945s)
[2017.04.08-07.59.23:298][398]LogPlayLevel: PIE: Created PIE world by copying editor world from /Game/Maps/TestRoom.TestRoom to /Game/Maps/UEDPIE_0_TestRoom.TestRoom (0.003615s)
[2017.04.08-07.59.23:377][398]LogInit: XAudio2 using '扬声器 (2- High Definition Audio 设备)' : 2 channels at 44.1 kHz using 16 bits per sample (channel mask 0x3)
[2017.04.08-07.59.23:391][398]LogInit: FAudioDevice initialized.
[2017.04.08-07.59.23:431][398]LogLoad: Game class is 'CivGameMode_C'
[2017.04.08-07.59.23:436][398]LogWorld: Bringing World /Game/Maps/UEDPIE_0_TestRoom.TestRoom up for play (max tick rate 0) at 2017.04.08-16.59.23
[2017.04.08-07.59.23:436][398]LogWorld: Bringing up level for play took: 0.002222
[2017.04.08-07.59.23:437][398]LogSpawn:Warning: SpawnActor failed because no class was specified
[2017.04.08-07.59.24:553][398]PIE: Info Play in editor start time for /Game/Maps/UEDPIE_0_TestRoom 0.514
[2017.04.08-07.59.24:556][398]LogBlueprintUserMessages: Late PlayInEditor Detection: Level '/Game/Maps/TestRoom.TestRoom:PersistentLevel' has LevelScriptBlueprint '/Game/Maps/TestRoom.TestRoom:PersistentLevel.TestRoom' with GeneratedClass '/Game/Maps/TestRoom.TestRoom_C' with ClassGeneratedBy '/Game/Maps/TestRoom.TestRoom:PersistentLevel.TestRoom'
[2017.04.08-07.59.27:328][480]LogBlueprintUserMessages: Early EndPlayMap Detection: Level '/Game/Maps/TestRoom.TestRoom:PersistentLevel' has LevelScriptBlueprint '/Game/Maps/TestRoom.TestRoom:PersistentLevel.TestRoom' with GeneratedClass '/Game/Maps/TestRoom.TestRoom_C' with ClassGeneratedBy '/Game/Maps/TestRoom.TestRoom:PersistentLevel.TestRoom'
[2017.04.08-07.59.27:850][480]LogBlueprintUserMessages: Late EndPlayMap Detection: Level '/Game/Maps/TestRoom.TestRoom:PersistentLevel' has LevelScriptBlueprint '/Game/Maps/TestRoom.TestRoom:PersistentLevel.TestRoom' with GeneratedClass '/Game/Maps/TestRoom.TestRoom_C' with ClassGeneratedBy '/Game/Maps/TestRoom.TestRoom:PersistentLevel.TestRoom'
[2017.04.08-07.59.31:218][770]Cmd: CAMERA ALIGN ACTIVEVIEWPORTONLY
[2017.04.08-07.59.34:246][ 62]LogEditorViewport: Clicking on Actor (LMB): CameraActor (CameraActor)
[2017.04.08-07.59.44:059][ 10]LogTemp: Repeting last play command: Selected Viewport
[2017.04.08-07.59.44:073][ 10]LogBlueprintUserMessages: Early PlayInEditor Detection: Level '/Game/Maps/TestRoom.TestRoom:PersistentLevel' has LevelScriptBlueprint '/Game/Maps/TestRoom.TestRoom:PersistentLevel.TestRoom' with GeneratedClass '/Game/Maps/TestRoom.TestRoom_C' with ClassGeneratedBy '/Game/Maps/TestRoom.TestRoom:PersistentLevel.TestRoom'
[2017.04.08-07.59.44:073][ 10]LogPlayLevel: PlayLevel: No blueprints needed recompiling
[2017.04.08-07.59.44:073][ 10]PIE: New page: PIE session: TestRoom (Apr 9, 2017, 1:59:44 AM)
[2017.04.08-07.59.44:073][ 10]LogPlayLevel: Creating play world package: /Game/Maps/UEDPIE_0_TestRoom
[2017.04.08-07.59.44:075][ 10]LogPlayLevel: PIE: StaticDuplicateObject took: (0.001652s)
[2017.04.08-07.59.44:075][ 10]LogAIModule: Creating AISystem for world TestRoom
[2017.04.08-07.59.44:075][ 10]LogPlayLevel: PIE: World Init took: (0.000575s)
[2017.04.08-07.59.44:075][ 10]LogPlayLevel: PIE: Created PIE world by copying editor world from /Game/Maps/TestRoom.TestRoom to /Game/Maps/UEDPIE_0_TestRoom.TestRoom (0.002401s)
[2017.04.08-07.59.44:121][ 10]LogInit: XAudio2 using '扬声器 (2- High Definition Audio 设备)' : 2 channels at 44.1 kHz using 16 bits per sample (channel mask 0x3)
[2017.04.08-07.59.44:133][ 10]LogInit: FAudioDevice initialized.
[2017.04.08-07.59.44:162][ 10]LogLoad: Game class is 'CivGameMode_C'
[2017.04.08-07.59.44:165][ 10]LogWorld: Bringing World /Game/Maps/UEDPIE_0_TestRoom.TestRoom up for play (max tick rate 0) at 2017.04.08-16.59.44
[2017.04.08-07.59.44:165][ 10]LogWorld: Bringing up level for play took: 0.001132
[2017.04.08-07.59.44:166][ 10]LogSpawn:Warning: SpawnActor failed because no class was specified
[2017.04.08-07.59.45:236][ 10]PIE: Info Play in editor start time for /Game/Maps/UEDPIE_0_TestRoom 1.197
[2017.04.08-07.59.45:239][ 10]LogBlueprintUserMessages: Late PlayInEditor Detection: Level '/Game/Maps/TestRoom.TestRoom:PersistentLevel' has LevelScriptBlueprint '/Game/Maps/TestRoom.TestRoom:PersistentLevel.TestRoom' with GeneratedClass '/Game/Maps/TestRoom.TestRoom_C' with ClassGeneratedBy '/Game/Maps/TestRoom.TestRoom:PersistentLevel.TestRoom'
[2017.04.08-07.59.48:525][ 85]LogBlueprintUserMessages: Early EndPlayMap Detection: Level '/Game/Maps/TestRoom.TestRoom:PersistentLevel' has LevelScriptBlueprint '/Game/Maps/TestRoom.TestRoom:PersistentLevel.TestRoom' with GeneratedClass '/Game/Maps/TestRoom.TestRoom_C' with ClassGeneratedBy '/Game/Maps/TestRoom.TestRoom:PersistentLevel.TestRoom'
[2017.04.08-07.59.48:948][ 85]LogBlueprintUserMessages: Late EndPlayMap Detection: Level '/Game/Maps/TestRoom.TestRoom:PersistentLevel' has LevelScriptBlueprint '/Game/Maps/TestRoom.TestRoom:PersistentLevel.TestRoom' with GeneratedClass '/Game/Maps/TestRoom.TestRoom_C' with ClassGeneratedBy '/Game/Maps/TestRoom.TestRoom:PersistentLevel.TestRoom'
[2017.04.08-07.59.53:456][350]BlueprintLog: New page: Compile TestRoom
[2017.04.08-08.00.01:219][218]LogEditorViewport: Clicking on Actor (LMB): CameraActor (CameraActor)
[2017.04.08-08.00.35:812][552]Cmd: OBJ SAVEPACKAGE PACKAGE="/Game/Maps/TestRoom" FILE="../../../../../../GGGGIIIIIITTTTTT/CivGame/CIVGAME/Saved/Autosaves/Game/Maps/TestRoom_Auto1.umap" SILENT=true AUTOSAVING=true KEEPDIRTY=false
[2017.04.08-08.00.36:135][552]LogSavePackage: Save=228.33ms
[2017.04.08-08.00.36:135][552]LogSavePackage: Moving '../../../../../../GGGGIIIIIITTTTTT/CivGame/CIVGAME/Saved/TestRoom_Auto1114AE9A74184E877002BFFB8F03A0368.tmp' to '../../../../../../GGGGIIIIIITTTTTT/CivGame/CIVGAME/Saved/Autosaves/Game/Maps/TestRoom_Auto1.umap'
[2017.04.08-08.00.36:155][552]LogSavePackage:Display: Finished SavePackage ../../../../../../GGGGIIIIIITTTTTT/CivGame/CIVGAME/Saved/Autosaves/Game/Maps/TestRoom_Auto1.umap
[2017.04.08-08.00.36:161][552]LogFileHelpers: Editor autosave (incl. sublevels) for '/Game/Maps/TestRoom' took 0.658
[2017.04.08-08.00.36:161][552]LogFileHelpers: Editor autosave (incl. sublevels) for all levels took 0.658
[2017.04.08-08.17.36:474][753]LogTemp: Repeting last play command: Selected Viewport
[2017.04.08-08.17.36:489][753]LogBlueprintUserMessages: Early PlayInEditor Detection: Level '/Game/Maps/TestRoom.TestRoom:PersistentLevel' has LevelScriptBlueprint '/Game/Maps/TestRoom.TestRoom:PersistentLevel.TestRoom' with GeneratedClass '/Game/Maps/TestRoom.TestRoom_C' with ClassGeneratedBy '/Game/Maps/TestRoom.TestRoom:PersistentLevel.TestRoom'
[2017.04.08-08.17.36:489][753]LogPlayLevel: PlayLevel: No blueprints needed recompiling
[2017.04.08-08.17.36:489][753]PIE: New page: PIE session: TestRoom (Apr 9, 2017, 2:17:36 AM)
[2017.04.08-08.17.36:489][753]LogPlayLevel: Creating play world package: /Game/Maps/UEDPIE_0_TestRoom
[2017.04.08-08.17.36:493][753]LogPlayLevel: PIE: StaticDuplicateObject took: (0.003428s)
[2017.04.08-08.17.36:493][753]LogAIModule: Creating AISystem for world TestRoom
[2017.04.08-08.17.36:494][753]LogPlayLevel: PIE: World Init took: (0.001180s)
[2017.04.08-08.17.36:494][753]LogPlayLevel: PIE: Created PIE world by copying editor world from /Game/Maps/TestRoom.TestRoom to /Game/Maps/UEDPIE_0_TestRoom.TestRoom (0.004945s)
[2017.04.08-08.17.36:557][753]LogInit: XAudio2 using '扬声器 (2- High Definition Audio 设备)' : 2 channels at 44.1 kHz using 16 bits per sample (channel mask 0x3)
[2017.04.08-08.17.36:574][753]LogInit: FAudioDevice initialized.
[2017.04.08-08.17.36:604][753]LogLoad: Game class is 'CivGameMode_C'
[2017.04.08-08.17.36:606][753]LogWorld: Bringing World /Game/Maps/UEDPIE_0_TestRoom.TestRoom up for play (max tick rate 0) at 2017.04.08-17.17.36
[2017.04.08-08.17.36:607][753]LogWorld: Bringing up level for play took: 0.001443
[2017.04.08-08.17.36:608][753]LogSpawn:Warning: SpawnActor failed because no class was specified
[2017.04.08-08.17.37:796][753]PIE: Info Play in editor start time for /Game/Maps/UEDPIE_0_TestRoom 1.756
[2017.04.08-08.17.37:798][753]LogBlueprintUserMessages: Late PlayInEditor Detection: Level '/Game/Maps/TestRoom.TestRoom:PersistentLevel' has LevelScriptBlueprint '/Game/Maps/TestRoom.TestRoom:PersistentLevel.TestRoom' with GeneratedClass '/Game/Maps/TestRoom.TestRoom_C' with ClassGeneratedBy '/Game/Maps/TestRoom.TestRoom:PersistentLevel.TestRoom'
[2017.04.08-08.17.42:754][881]LogBlueprintUserMessages: Early EndPlayMap Detection: Level '/Game/Maps/TestRoom.TestRoom:PersistentLevel' has LevelScriptBlueprint '/Game/Maps/TestRoom.TestRoom:PersistentLevel.TestRoom' with GeneratedClass '/Game/Maps/TestRoom.TestRoom_C' with ClassGeneratedBy '/Game/Maps/TestRoom.TestRoom:PersistentLevel.TestRoom'
[2017.04.08-08.17.43:281][881]LogBlueprintUserMessages: Late EndPlayMap Detection: Level '/Game/Maps/TestRoom.TestRoom:PersistentLevel' has LevelScriptBlueprint '/Game/Maps/TestRoom.TestRoom:PersistentLevel.TestRoom' with GeneratedClass '/Game/Maps/TestRoom.TestRoom_C' with ClassGeneratedBy '/Game/Maps/TestRoom.TestRoom:PersistentLevel.TestRoom'
[2017.04.08-10.09.23:913][327]Cmd: OBJ SAVEPACKAGE PACKAGE="/Game/Maps/TestRoom" FILE="../../../../../../GGGGIIIIIITTTTTT/CivGame/CIVGAME/Content/Maps/TestRoom.umap" SILENT=true AUTOSAVING=false KEEPDIRTY=false
[2017.04.08-10.09.24:166][327]LogSavePackage: Save=171.69ms
[2017.04.08-10.09.24:166][327]LogSavePackage: Moving '../../../../../../GGGGIIIIIITTTTTT/CivGame/CIVGAME/Saved/TestRoom9BA523C6495C68324F903B864B00A926.tmp' to '../../../../../../GGGGIIIIIITTTTTT/CivGame/CIVGAME/Content/Maps/TestRoom.umap'
[2017.04.08-10.09.24:211][327]LogSavePackage:Display: Finished SavePackage ../../../../../../GGGGIIIIIITTTTTT/CivGame/CIVGAME/Content/Maps/TestRoom.umap
[2017.04.08-10.09.24:272][327]LogFileHelpers: Saving map 'TestRoom' took 9.773
[2017.04.08-10.09.24:732][327]LogWindowsTextInputMethodSystem:Display: IME system now activated using TSF (Microsoft IME).
[2017.04.08-10.09.25:181][328]Cmd: QUIT_EDITOR
[2017.04.08-10.09.26:630][328]LogExit: Preparing to exit.
[2017.04.08-10.09.27:819][328]LogDirectoryWatcher: A directory notification for 'C:/GGGGIIIIIITTTTTT/CivGame/CIVGAME/Content/' was aborted.
[2017.04.08-10.09.28:060][328]LogExit: Editor shut down
[2017.04.08-10.09.28:061][328]LogExit: Transaction tracking system shut down
[2017.04.08-10.09.29:621][328]LogObj: Freed 0b from 0 cluster array pools.
[2017.04.08-10.09.29:622][328]LogExit: Object subsystem successfully closed.
[2017.04.08-10.09.29:911][328]LogD3D11RHI: Shutdown
[2017.04.08-10.09.29:911][328]LogD3D11RHI: CleanupD3DDevice
[2017.04.08-10.09.30:137][328]LogD3D11RHI: ~FD3D11DynamicRHI
[2017.04.08-10.09.30:803][328]LogModuleManager: Shutting down and abandoning module MovieSceneCapture (506)
[2017.04.08-10.09.30:803][328]LogModuleManager: Shutting down and abandoning module MaterialEditor (504)
[2017.04.08-10.09.30:803][328]LogModuleManager: Shutting down and abandoning module BlueprintGraph (502)
[2017.04.08-10.09.30:803][328]LogModuleManager: Shutting down and abandoning module BlueprintProfiler (500)
[2017.04.08-10.09.30:805][328]LogModuleManager: Shutting down and abandoning module HierarchicalLODOutliner (498)
[2017.04.08-10.09.30:806][328]LogModuleManager: Shutting down and abandoning module CrashTracker (496)
[2017.04.08-10.09.30:806][328]LogModuleManager: Shutting down and abandoning module SceneOutliner (494)
[2017.04.08-10.09.30:806][328]LogModuleManager: Shutting down and abandoning module AddContentDialog (492)
[2017.04.08-10.09.30:814][328]LogDirectoryWatcher: A directory notification for 'C:/Program Files/Epic Games/UE_4.15/FeaturePacks/' was aborted.
[2017.04.08-10.09.30:836][328]LogModuleManager: Shutting down and abandoning module WidgetCarousel (491)
[2017.04.08-10.09.30:836][328]LogModuleManager: Shutting down and abandoning module EditorWidgets (488)
[2017.04.08-10.09.30:836][328]LogModuleManager: Shutting down and abandoning module CollectionManager (486)
[2017.04.08-10.09.30:857][328]LogDirectoryWatcher: A directory notification for 'C:/GGGGIIIIIITTTTTT/CivGame/CIVGAME/Content/Collections/' was aborted.
[2017.04.08-10.09.30:857][328]LogDirectoryWatcher: A directory notification for 'C:/GGGGIIIIIITTTTTT/CivGame/CIVGAME/Content/Developers/huozi/Collections/' was aborted.
[2017.04.08-10.09.30:857][328]LogDirectoryWatcher: A directory notification for 'C:/GGGGIIIIIITTTTTT/CivGame/CIVGAME/Saved/Collections/' was aborted.
[2017.04.08-10.09.30:857][328]LogModuleManager: Shutting down and abandoning module StatsViewer (484)
[2017.04.08-10.09.30:858][328]LogModuleManager: Shutting down and abandoning module FoliageEdit (482)
[2017.04.08-10.09.30:858][328]LogModuleManager: Shutting down and abandoning module LandscapeEditor (480)
[2017.04.08-10.09.30:862][328]LogModuleManager: Shutting down and abandoning module SceneDepthPickerMode (478)
[2017.04.08-10.09.30:862][328]LogModuleManager: Shutting down and abandoning module ActorPickerMode (476)
[2017.04.08-10.09.30:862][328]LogModuleManager: Shutting down and abandoning module GeometryMode (474)
[2017.04.08-10.09.30:862][328]LogModuleManager: Shutting down and abandoning module TextureAlignMode (472)
[2017.04.08-10.09.30:862][328]LogModuleManager: Shutting down and abandoning module BspMode (470)
[2017.04.08-10.09.30:870][328]LogModuleManager: Shutting down and abandoning module HardwareSurvey (468)
[2017.04.08-10.09.30:880][328]LogModuleManager: Shutting down and abandoning module SequenceRecorderSections (466)
[2017.04.08-10.09.30:915][328]LogModuleManager: Shutting down and abandoning module AutomationWorker (464)
[2017.04.08-10.09.30:947][328]LogModuleManager: Shutting down and abandoning module MatineeToLevelSequence (462)
[2017.04.08-10.09.30:999][328]LogModuleManager: Shutting down and abandoning module LevelSequenceEditor (460)
[2017.04.08-10.09.31:020][328]LogModuleManager: Shutting down and abandoning module PlacementMode (459)
[2017.04.08-10.09.31:020][328]LogModuleManager: Shutting down and abandoning module WmfMediaFactory (456)
[2017.04.08-10.09.31:020][328]LogModuleManager: Shutting down and abandoning module WmfMediaEditor (454)
[2017.04.08-10.09.31:020][328]LogModuleManager: Shutting down and abandoning module MfMediaFactory (452)
[2017.04.08-10.09.31:020][328]LogModuleManager: Shutting down and abandoning module MfMediaEditor (450)
[2017.04.08-10.09.31:020][328]LogModuleManager: Shutting down and abandoning module AvfMediaFactory (448)
[2017.04.08-10.09.31:020][328]LogModuleManager: Shutting down and abandoning module AvfMediaEditor (446)
[2017.04.08-10.09.31:020][328]LogModuleManager: Shutting down and abandoning module AndroidMediaFactory (444)
[2017.04.08-10.09.31:020][328]LogModuleManager: Shutting down and abandoning module Media (443)
[2017.04.08-10.09.31:020][328]LogModuleManager: Shutting down and abandoning module AndroidMediaEditor (440)
[2017.04.08-10.09.31:020][328]LogModuleManager: Shutting down and abandoning module CharacterAI (438)
[2017.04.08-10.09.31:020][328]LogModuleManager: Shutting down and abandoning module AudioCapture (436)
[2017.04.08-10.09.31:027][328]LogModuleManager: Shutting down and abandoning module SequenceRecorder (435)
[2017.04.08-10.09.31:064][328]LogModuleManager: Shutting down and abandoning module SmartSnapping (432)
[2017.04.08-10.09.31:064][328]LogModuleManager: Shutting down and abandoning module SessionServices (430)
[2017.04.08-10.09.31:064][328]LogModuleManager: Shutting down and abandoning module ViewportSnapping (428)
[2017.04.08-10.09.31:064][328]LogModuleManager: Shutting down and abandoning module ViewportInteraction (426)
[2017.04.08-10.09.31:064][328]LogModuleManager: Shutting down and abandoning module LogVisualizer (424)
[2017.04.08-10.09.31:095][328]LogModuleManager: Shutting down and abandoning module IntroTutorials (422)
[2017.04.08-10.09.31:102][328]LogModuleManager: Shutting down and abandoning module GameProjectGeneration (421)
[2017.04.08-10.09.31:107][328]LogModuleManager: Shutting down and abandoning module EditorLiveStreaming (418)
[2017.04.08-10.09.31:116][328]LogModuleManager: Shutting down and abandoning module IOSPlatformEditor (416)
[2017.04.08-10.09.31:116][328]LogModuleManager: Shutting down and abandoning module HTML5PlatformEditor (414)
[2017.04.08-10.09.31:116][328]LogModuleManager: Shutting down and abandoning module AndroidPlatformEditor (412)
[2017.04.08-10.09.31:124][328]LogModuleManager: Shutting down and abandoning module AndroidDeviceDetection (411)
[2017.04.08-10.09.31:479][328]LogModuleManager: Shutting down and abandoning module IOSRuntimeSettings (408)
[2017.04.08-10.09.31:479][328]LogModuleManager: Shutting down and abandoning module AndroidRuntimeSettings (406)
[2017.04.08-10.09.31:479][328]LogModuleManager: Shutting down and abandoning module InputBindingEditor (404)
[2017.04.08-10.09.31:493][328]LogModuleManager: Shutting down and abandoning module NiagaraEditor (402)
[2017.04.08-10.09.31:511][328]LogModuleManager: Shutting down and abandoning module MergeActors (400)
[2017.04.08-10.09.31:519][328]LogModuleManager: Shutting down and abandoning module SizeMap (398)
[2017.04.08-10.09.31:529][328]LogModuleManager: Shutting down and abandoning module TreeMap (396)
[2017.04.08-10.09.31:533][328]LogModuleManager: Shutting down and abandoning module ReferenceViewer (394)
[2017.04.08-10.09.31:533][328]LogModuleManager: Shutting down and abandoning module LocalizationDashboard (392)
[2017.04.08-10.09.31:541][328]LogModuleManager: Shutting down and abandoning module LocalizationService (391)
[2017.04.08-10.09.31:549][328]LogModuleManager: Shutting down and abandoning module HardwareTargeting (388)
[2017.04.08-10.09.31:555][328]LogModuleManager: Shutting down and abandoning module DeviceProfileEditor (386)
[2017.04.08-10.09.31:559][328]LogModuleManager: Shutting down and abandoning module UndoHistory (384)
[2017.04.08-10.09.31:569][328]LogModuleManager: Shutting down and abandoning module UserFeedback (382)
[2017.04.08-10.09.31:569][328]LogModuleManager: Shutting down and abandoning module XmlParser (380)
[2017.04.08-10.09.31:571][328]LogModuleManager: Shutting down and abandoning module Blutility (378)
[2017.04.08-10.09.31:578][328]LogModuleManager: Shutting down and abandoning module ProjectSettingsViewer (376)
[2017.04.08-10.09.31:578][328]LogModuleManager: Shutting down and abandoning module ProjectTargetPlatformEditor (375)
[2017.04.08-10.09.31:579][328]LogModuleManager: Shutting down and abandoning module EditorSettingsViewer (372)
[2017.04.08-10.09.31:579][328]LogModuleManager: Shutting down and abandoning module SettingsEditor (370)
[2017.04.08-10.09.31:589][328]LogModuleManager: Shutting down and abandoning module ProjectLauncher (368)
[2017.04.08-10.09.31:595][328]LogModuleManager: Shutting down and abandoning module SessionFrontend (366)
[2017.04.08-10.09.31:601][328]LogModuleManager: Shutting down and abandoning module ProfilerClient (364)
[2017.04.08-10.09.31:607][328]LogModuleManager: Shutting down and abandoning module DeviceManager (362)
[2017.04.08-10.09.31:630][328]LogModuleManager: Shutting down and abandoning module TargetDeviceServices (361)
[2017.04.08-10.09.31:674][328]LogModuleManager: Shutting down and abandoning module AutomationController (358)
[2017.04.08-10.09.31:691][328]LogModuleManager: Shutting down and abandoning module AutomationWindow (356)
[2017.04.08-10.09.31:705][328]LogModuleManager: Shutting down and abandoning module Layers (354)
[2017.04.08-10.09.31:757][328]LogModuleManager: Shutting down and abandoning module ComponentVisualizers (352)
[2017.04.08-10.09.31:757][328]LogModuleManager: Shutting down and abandoning module DetailCustomizations (350)
[2017.04.08-10.09.31:778][328]LogModuleManager: Shutting down and abandoning module PackagesDialog (348)
[2017.04.08-10.09.31:778][328]LogModuleManager: Shutting down and abandoning module Persona (346)
[2017.04.08-10.09.31:800][328]LogModuleManager: Shutting down and abandoning module AnimGraph (345)
[2017.04.08-10.09.31:800][328]LogModuleManager: Shutting down and abandoning module Kismet (342)
[2017.04.08-10.09.31:820][328]LogModuleManager: Shutting down and abandoning module GraphEditor (340)
[2017.04.08-10.09.31:820][328]LogModuleManager: Shutting down and abandoning module ClassViewer (338)
[2017.04.08-10.09.31:824][328]LogModuleManager: Shutting down and abandoning module Toolbox (336)
[2017.04.08-10.09.31:832][328]LogModuleManager: Shutting down and abandoning module ModuleUI (334)
[2017.04.08-10.09.31:837][328]LogModuleManager: Shutting down and abandoning module MovieSceneTools (332)
[2017.04.08-10.09.31:840][328]LogModuleManager: Shutting down and abandoning module OutputLog (330)
[2017.04.08-10.09.31:843][328]LogModuleManager: Shutting down and abandoning module GammaUI (328)
[2017.04.08-10.09.31:857][328]LogModuleManager: Shutting down and abandoning module Documentation (326)
[2017.04.08-10.09.31:857][328]LogModuleManager: Shutting down and abandoning module Niagara (324)
[2017.04.08-10.09.31:857][328]LogModuleManager: Shutting down and abandoning module StreamingPauseRendering (322)
[2017.04.08-10.09.31:857][328]LogModuleManager: Shutting down and abandoning module AnalyticsET (320)
[2017.04.08-10.09.31:857][328]LogModuleManager: Shutting down and abandoning module PortalServices (318)
[2017.04.08-10.09.31:857][328]LogModuleManager: Shutting down and abandoning module PortalRpc (316)
[2017.04.08-10.09.31:857][328]LogModuleManager: Shutting down and abandoning module MessagingRpc (314)
[2017.04.08-10.09.31:857][328]LogModuleManager: Shutting down and abandoning module AIModule (312)
[2017.04.08-10.09.31:858][328]LogModuleManager: Shutting down and abandoning module GameplayDebugger (311)
[2017.04.08-10.09.31:864][328]LogModuleManager: Shutting down and abandoning module AITestSuite (309)
[2017.04.08-10.09.31:864][328]LogModuleManager: Shutting down and abandoning module ProfilerService (306)
[2017.04.08-10.09.32:081][328]LogModuleManager: Shutting down and abandoning module TaskGraph (304)
[2017.04.08-10.09.32:103][328]LogModuleManager: Shutting down and abandoning module SteamVRController (302)
[2017.04.08-10.09.32:103][328]LogModuleManager: Shutting down and abandoning module SteamVR (300)
[2017.04.08-10.09.32:108][328]LogModuleManager: Shutting down and abandoning module ProceduralMeshComponentEditor (298)
[2017.04.08-10.09.32:108][328]LogModuleManager: Shutting down and abandoning module ProceduralMeshComponent (296)
[2017.04.08-10.09.32:116][328]LogModuleManager: Shutting down and abandoning module OculusLibrary (294)
[2017.04.08-10.09.32:116][328]LogModuleManager: Shutting down and abandoning module OculusInput (292)
[2017.04.08-10.09.32:116][328]LogModuleManager: Shutting down and abandoning module MobilePatchingUtils (290)
[2017.04.08-10.09.32:116][328]LogModuleManager: Shutting down and abandoning module CustomMeshComponent (288)
[2017.04.08-10.09.32:116][328]LogModuleManager: Shutting down and abandoning module CableComponent (286)
[2017.04.08-10.09.32:119][328]LogModuleManager: Shutting down and abandoning module ArchVisCharacter (284)
[2017.04.08-10.09.32:119][328]LogModuleManager: Shutting down and abandoning module MediaPlayerEditor (280)
[2017.04.08-10.09.32:133][328]LogModuleManager: Shutting down and abandoning module HTML5Networking (278)
[2017.04.08-10.09.32:133][328]LogModuleManager: Shutting down and abandoning module AlembicImporter (276)
[2017.04.08-10.09.32:137][328]LogModuleManager: Shutting down and abandoning module AlembicLibrary (275)
[2017.04.08-10.09.32:137][328]LogModuleManager: Shutting down and abandoning module GeometryCache (274)
[2017.04.08-10.09.32:143][328]LogModuleManager: Shutting down and abandoning module GeometryCacheEd (273)
[2017.04.08-10.09.32:143][328]LogModuleManager: Shutting down and abandoning module SuperSearchEditor (268)
[2017.04.08-10.09.32:143][328]LogModuleManager: Shutting down and abandoning module SuperSearch (267)
[2017.04.08-10.09.32:143][328]LogModuleManager: Shutting down and abandoning module SpeedTreeImporter (264)
[2017.04.08-10.09.32:143][328]LogModuleManager: Shutting down and abandoning module PluginBrowser (262)
[2017.04.08-10.09.32:155][328]LogModuleManager: Shutting down and abandoning module MobileLauncherProfileWizard (260)
[2017.04.08-10.09.32:161][328]LogModuleManager: Shutting down and abandoning module EpicSurvey (258)
[2017.04.08-10.09.32:161][328]LogModuleManager: Shutting down and abandoning module VisualStudioSourceCodeAccess (256)
[2017.04.08-10.09.32:161][328]LogModuleManager: Shutting down and abandoning module DesktopPlatform (255)
[2017.04.08-10.09.32:161][328]LogModuleManager: Shutting down and abandoning module UObjectPlugin (252)
[2017.04.08-10.09.32:161][328]LogModuleManager: Shutting down and abandoning module SubversionSourceControl (250)
[2017.04.08-10.09.32:436][328]LogModuleManager: Shutting down and abandoning module PerforceSourceControl (248)
[2017.04.08-10.09.32:464][328]LogModuleManager: Shutting down and abandoning module GitSourceControl (246)
[2017.04.08-10.09.32:472][328]LogModuleManager: Shutting down and abandoning module SourceControl (245)
[2017.04.08-10.09.32:498][328]LogModuleManager: Shutting down and abandoning module LightPropagationVolumeEditor (242)
[2017.04.08-10.09.32:498][328]LogModuleManager: Shutting down and abandoning module PaperTiledImporter (240)
[2017.04.08-10.09.32:498][328]LogModuleManager: Shutting down and abandoning module PaperSpriteSheetImporter (238)
[2017.04.08-10.09.32:498][328]LogModuleManager: Shutting down and abandoning module Paper2DEditor (236)
[2017.04.08-10.09.32:550][328]LogModuleManager: Shutting down and abandoning module MeshPaint (235)
[2017.04.08-10.09.32:569][328]LogModuleManager: Shutting down and abandoning module LevelEditor (233)
[2017.04.08-10.09.32:596][328]LogModuleManager: Shutting down and abandoning module PixelInspectorModule (232)
[2017.04.08-10.09.32:645][328]LogModuleManager: Shutting down and abandoning module MainFrame (230)
[2017.04.08-10.09.32:645][328]LogModuleManager: Shutting down and abandoning module HotReload (229)
[2017.04.08-10.09.32:665][328]LogModuleManager: Shutting down and abandoning module ContentBrowser (225)
[2017.04.08-10.09.32:667][328]LogModuleManager: Shutting down and abandoning module PhysXVehiclesEditor (222)
[2017.04.08-10.09.32:682][328]LogModuleManager: Shutting down and abandoning module PhysXVehicles (220)
[2017.04.08-10.09.32:682][328]LogModuleManager: Shutting down and abandoning module LocationServicesBPLibrary (218)
[2017.04.08-10.09.32:682][328]LogModuleManager: Shutting down and abandoning module UdpMessaging (216)
[2017.04.08-10.09.32:783][328]LogModuleManager: Shutting down and abandoning module TcpMessaging (214)
[2017.04.08-10.09.32:897][328]LogModuleManager: Shutting down and abandoning module GameplayTagsEditor (212)
[2017.04.08-10.09.32:914][328]LogModuleManager: Shutting down and abandoning module FacialAnimationEditor (210)
[2017.04.08-10.09.32:921][328]LogModuleManager: Shutting down and abandoning module FacialAnimation (208)
[2017.04.08-10.09.32:921][328]LogModuleManager: Shutting down and abandoning module LightPropagationVolumeRuntime (206)
[2017.04.08-10.09.32:921][328]LogModuleManager: Shutting down and abandoning module Paper2D (204)
[2017.04.08-10.09.32:924][328]LogModuleManager: Shutting down and abandoning module WindowsMoviePlayer (202)
[2017.04.08-10.09.32:935][328]LogModuleManager: Shutting down and abandoning module WmfMedia (200)
[2017.04.08-10.09.32:936][328]LogModuleManager: Shutting down and abandoning module MfMedia (198)
[2017.04.08-10.09.32:936][328]LogModuleManager: Shutting down and abandoning module MediaAssets (196)
[2017.04.08-10.09.32:936][328]LogModuleManager: Shutting down and abandoning module GameLiveStreaming (194)
[2017.04.08-10.09.32:943][328]LogModuleManager: Shutting down and abandoning module VREditor (192)
[2017.04.08-10.09.32:943][328]LogModuleManager: Shutting down and abandoning module GameplayTasksEditor (190)
[2017.04.08-10.09.32:943][328]LogModuleManager: Shutting down and abandoning module BehaviorTreeEditor (188)
[2017.04.08-10.09.32:962][328]LogModuleManager: Shutting down and abandoning module FunctionalTesting (186)
[2017.04.08-10.09.32:962][328]LogModuleManager: Shutting down and abandoning module CollisionAnalyzer (184)
[2017.04.08-10.09.32:986][328]LogModuleManager: Shutting down and abandoning module UMG (182)
[2017.04.08-10.09.33:001][328]LogModuleManager: Shutting down and abandoning module UMGEditor (181)
[2017.04.08-10.09.33:037][328]LogModuleManager: Shutting down and abandoning module Sequencer (180)
[2017.04.08-10.09.33:053][328]LogModuleManager: Shutting down and abandoning module AssetTools (178)
[2017.04.08-10.09.33:068][328]LogModuleManager: Shutting down and abandoning module MessageLog (177)
[2017.04.08-10.09.33:068][328]LogModuleManager: Shutting down and abandoning module WorkspaceMenuStructure (176)
[2017.04.08-10.09.33:068][328]LogModuleManager: Shutting down and abandoning module SlateReflector (170)
[2017.04.08-10.09.33:086][328]LogModuleManager: Shutting down and abandoning module Slate (168)
[2017.04.08-10.09.33:086][328]LogModuleManager: Shutting down and abandoning module EditorStyle (166)
[2017.04.08-10.09.33:104][328]LogModuleManager: Shutting down and abandoning module SourceCodeAccess (164)
[2017.04.08-10.09.33:121][328]LogModuleManager: Shutting down and abandoning module HeadMountedDisplay (162)
[2017.04.08-10.09.33:121][328]LogModuleManager: Shutting down and abandoning module XAudio2 (160)
[2017.04.08-10.09.33:121][328]LogModuleManager: Shutting down and abandoning module Networking (158)
[2017.04.08-10.09.33:121][328]LogModuleManager: Shutting down and abandoning module Core (154)
[2017.04.08-10.09.33:121][328]LogModuleManager: Shutting down and abandoning module AssetRegistry (152)
[2017.04.08-10.09.33:209][328]LogDirectoryWatcher: A directory notification for '../../../Engine/Content/' was aborted.
[2017.04.08-10.09.33:210][328]LogDirectoryWatcher: A directory notification for '../../../../../../GGGGIIIIIITTTTTT/CivGame/CIVGAME/Content/' was aborted.
[2017.04.08-10.09.33:210][328]LogDirectoryWatcher: A directory notification for '../../../Engine/Plugins/2D/Paper2D/Content/' was aborted.
[2017.04.08-10.09.33:230][328]LogModuleManager: Shutting down and abandoning module DirectoryWatcher (151)
[2017.04.08-10.09.33:237][328]LogModuleManager: Shutting down and abandoning module KismetCompiler (148)
[2017.04.08-10.09.33:237][328]LogModuleManager: Shutting down and abandoning module PhysXFormats (146)
[2017.04.08-10.09.33:237][328]LogModuleManager: Shutting down and abandoning module MeshUtilities (144)
[2017.04.08-10.09.33:257][328]LogModuleManager: Shutting down and abandoning module SimplygonSwarm (143)
[2017.04.08-10.09.33:283][328]LogModuleManager: Shutting down and abandoning module SimplygonMeshReduction (141)
[2017.04.08-10.09.33:283][328]LogModuleManager: Shutting down and abandoning module QuadricMeshReduction (139)
[2017.04.08-10.09.33:305][328]LogModuleManager: Shutting down and abandoning module PropertyEditor (137)
[2017.04.08-10.09.33:305][328]LogModuleManager: Shutting down and abandoning module DerivedDataCache (134)
[2017.04.08-10.09.33:395][328]LogDerivedDataCache: Shutdown
[2017.04.08-10.09.33:395][328]LogModuleManager: Shutting down and abandoning module TargetPlatform (132)
[2017.04.08-10.09.33:395][328]LogModuleManager: Shutting down and abandoning module VulkanShaderFormat (131)
[2017.04.08-10.09.33:398][328]LogModuleManager: Shutting down and abandoning module ShaderFormatOpenGL (129)
[2017.04.08-10.09.33:404][328]LogModuleManager: Shutting down and abandoning module ShaderFormatD3D (127)
[2017.04.08-10.09.33:415][328]LogModuleManager: Shutting down and abandoning module MetalShaderFormat (125)
[2017.04.08-10.09.33:419][328]LogModuleManager: Shutting down and abandoning module TextureFormatUncompressed (123)
[2017.04.08-10.09.33:419][328]LogModuleManager: Shutting down and abandoning module TextureFormatPVR (121)
[2017.04.08-10.09.33:419][328]LogModuleManager: Shutting down and abandoning module TextureFormatDXT (119)
[2017.04.08-10.09.33:429][328]LogModuleManager: Shutting down and abandoning module TextureFormatIntelISPCTexComp (117)
[2017.04.08-10.09.33:465][328]LogModuleManager: Shutting down and abandoning module TextureFormatASTC (115)
[2017.04.08-10.09.33:465][328]LogModuleManager: Shutting down and abandoning module ImageWrapper (114)
[2017.04.08-10.09.33:465][328]LogModuleManager: Shutting down and abandoning module TextureFormatAndroid (111)
[2017.04.08-10.09.33:465][328]LogModuleManager: Shutting down and abandoning module AudioFormatOpus (109)
[2017.04.08-10.09.33:476][328]LogModuleManager: Shutting down and abandoning module AudioFormatOgg (107)
[2017.04.08-10.09.33:476][328]LogModuleManager: Shutting down and abandoning module AudioFormatADPCM (105)
[2017.04.08-10.09.33:476][328]LogModuleManager: Shutting down and abandoning module LinuxTargetPlatform (103)
[2017.04.08-10.09.33:476][328]LogModuleManager: Shutting down and abandoning module LinuxServerTargetPlatform (101)
[2017.04.08-10.09.33:476][328]LogModuleManager: Shutting down and abandoning module LinuxNoEditorTargetPlatform (99)
[2017.04.08-10.09.33:476][328]LogModuleManager: Shutting down and abandoning module LinuxClientTargetPlatform (97)
[2017.04.08-10.09.33:476][328]LogModuleManager: Shutting down and abandoning module TVOSTargetPlatform (95)
[2017.04.08-10.09.33:476][328]LogModuleManager: Shutting down and abandoning module Messaging (93)
[2017.04.08-10.09.33:476][328]LogModuleManager: Shutting down and abandoning module IOSTargetPlatform (91)
[2017.04.08-10.09.33:476][328]LogModuleManager: Shutting down and abandoning module HTML5TargetPlatform (89)
[2017.04.08-10.09.33:476][328]LogModuleManager: Shutting down and abandoning module Android_PVRTCTargetPlatform (87)
[2017.04.08-10.09.33:476][328]LogModuleManager: Shutting down and abandoning module Android_MultiTargetPlatform (85)
[2017.04.08-10.09.33:476][328]LogModuleManager: Shutting down and abandoning module Android_ETC2TargetPlatform (83)
[2017.04.08-10.09.33:476][328]LogModuleManager: Shutting down and abandoning module Android_ETC1TargetPlatform (81)
[2017.04.08-10.09.33:476][328]LogModuleManager: Shutting down and abandoning module Android_DXTTargetPlatform (79)
[2017.04.08-10.09.33:477][328]LogModuleManager: Shutting down and abandoning module Android_ATCTargetPlatform (77)
[2017.04.08-10.09.33:477][328]LogModuleManager: Shutting down and abandoning module Android_ASTCTargetPlatform (75)
[2017.04.08-10.09.33:477][328]LogModuleManager: Shutting down and abandoning module AndroidTargetPlatform (73)
[2017.04.08-10.09.33:477][328]LogModuleManager: Shutting down and abandoning module WindowsTargetPlatform (71)
[2017.04.08-10.09.33:477][328]LogModuleManager: Shutting down and abandoning module WindowsServerTargetPlatform (69)
[2017.04.08-10.09.33:477][328]LogModuleManager: Shutting down and abandoning module WindowsNoEditorTargetPlatform (67)
[2017.04.08-10.09.33:477][328]LogModuleManager: Shutting down and abandoning module WindowsClientTargetPlatform (65)
[2017.04.08-10.09.33:477][328]LogModuleManager: Shutting down and abandoning module MacTargetPlatform (63)
[2017.04.08-10.09.33:477][328]LogModuleManager: Shutting down and abandoning module MacServerTargetPlatform (61)
[2017.04.08-10.09.33:477][328]LogModuleManager: Shutting down and abandoning module MacNoEditorTargetPlatform (59)
[2017.04.08-10.09.33:477][328]LogModuleManager: Shutting down and abandoning module MacClientTargetPlatform (57)
[2017.04.08-10.09.33:477][328]LogModuleManager: Shutting down and abandoning module AllDesktopTargetPlatform (55)
[2017.04.08-10.09.33:477][328]LogModuleManager: Shutting down and abandoning module InputCore (52)
[2017.04.08-10.09.33:477][328]LogModuleManager: Shutting down and abandoning module Settings (50)
[2017.04.08-10.09.33:477][328]LogModuleManager: Shutting down and abandoning module OculusRift (48)
[2017.04.08-10.09.33:488][328]LogHMD: Oculus shutdown.
[2017.04.08-10.09.33:488][328]LogModuleManager: Shutting down and abandoning module GearVR (46)
[2017.04.08-10.09.33:488][328]LogModuleManager: Shutting down and abandoning module ExampleDeviceProfileSelector (44)
[2017.04.08-10.09.33:488][328]LogModuleManager: Shutting down and abandoning module OnlineBlueprintSupport (42)
[2017.04.08-10.09.33:488][328]LogModuleManager: Shutting down and abandoning module OnlineSubsystem (38)
[2017.04.08-10.09.33:488][328]LogOnline:Display: Unloading online subsystem: NULL
[2017.04.08-10.09.33:529][328]LogModuleManager: Shutting down and abandoning module XMPP (37)
[2017.04.08-10.09.33:549][328]LogModuleManager: Shutting down and abandoning module HTTP (35)
[2017.04.08-10.09.33:555][328]LogHttp:Display: Http module shutting down, but needs to wait on 1 outstanding Http requests:
[2017.04.08-10.09.33:555][328]LogHttp:Display: 	verb=[POST] url=[https://datarouter.ol.epicgames.com/datarouter/api/v1/public/data?SessionID=%7BB9D051F4-4EA5-F5BE-6991-4298244AE1CD%7D&AppID=UEEditor.Rocket.Release&AppVersion=4.15.1-3348071%2B%2B%2BUE4%2BRelease-4.15&UserID=a483da2d4fb89f4a2ddae281c3e89937%7C1475575a18e14080ac0ee1b5b0c163b7%7Cd7277f1c-046d-4f6a-97e4-5e4f1c368f9a&AppEnvironment=datacollector-binary&UploadType=eteventstream] status=Processing
[2017.04.08-10.09.33:587][328]LogModuleManager: Shutting down and abandoning module SSL (34)
[2017.04.08-10.09.33:609][328]LogModuleManager: Shutting down and abandoning module AudioEditor (30)
[2017.04.08-10.09.33:613][328]LogModuleManager: Shutting down and abandoning module TextureCompressor (28)
[2017.04.08-10.09.33:629][328]LogModuleManager: Shutting down and abandoning module ShaderCore (26)
[2017.04.08-10.09.33:629][328]LogModuleManager: Shutting down and abandoning module Landscape (24)
[2017.04.08-10.09.33:629][328]LogModuleManager: Shutting down and abandoning module SlateRHIRenderer (22)
[2017.04.08-10.09.33:650][328]LogModuleManager: Shutting down and abandoning module OpenGLDrv (20)
[2017.04.08-10.09.33:659][328]LogModuleManager: Shutting down and abandoning module D3D11RHI (18)
[2017.04.08-10.09.33:659][328]LogModuleManager: Shutting down and abandoning module AnimGraphRuntime (16)
[2017.04.08-10.09.33:665][328]LogModuleManager: Shutting down and abandoning module Renderer (14)
[2017.04.08-10.09.33:665][328]LogModuleManager: Shutting down and abandoning module Engine (12)
[2017.04.08-10.09.33:665][328]LogModuleManager: Shutting down and abandoning module CoreUObject (10)
[2017.04.08-10.09.33:665][328]LogModuleManager: Shutting down and abandoning module NetworkFile (8)
[2017.04.08-10.09.33:673][328]LogModuleManager: Shutting down and abandoning module StreamingFile (6)
[2017.04.08-10.09.33:682][328]LogModuleManager: Shutting down and abandoning module SandboxFile (4)
[2017.04.08-10.09.33:682][328]LogModuleManager: Shutting down and abandoning module PakFile (2)
[2017.04.08-10.09.33:702][328]LogExit: Exiting.
[2017.04.08-10.09.33:708][328]Log file closed, 04/08/17 19:09:33
